Log file open, 10/25/22 10:40:01
LogWindows: Failed to load 'aqProf.dll' (GetLastError=126)
LogWindows: File 'aqProf.dll' does not exist
LogWindows: Failed to load 'VtuneApi.dll' (GetLastError=126)
LogWindows: File 'VtuneApi.dll' does not exist
LogWindows: Failed to load 'VtuneApi32e.dll' (GetLastError=126)
LogWindows: File 'VtuneApi32e.dll' does not exist
LogConsoleResponse: Display: Failed to find resolution value strings in scalability ini. Falling back to default.
LogConsoleResponse: Display: Failed to find resolution value strings in scalability ini. Falling back to default.
LogInit: Display: Running engine for game: L20221025
LogPlatformFile: Not using cached read wrapper
LogTaskGraph: Started task graph with 5 named threads and 23 total threads with 3 sets of task threads.
LogStats: Stats thread started at 0.310228
LogICUInternationalization: ICU TimeZone Detection - Raw Offset: +9:00, Platform Override: ''
LogInit: Display: Loading text-based GConfig....
LogPluginManager: Mounting plugin MeshPainting
LogPluginManager: Mounting plugin MegascansPlugin
LogPluginManager: Mounting plugin XGEController
LogPluginManager: Mounting plugin Paper2D
LogPluginManager: Mounting plugin LiveLink
LogPluginManager: Mounting plugin AISupport
LogPluginManager: Mounting plugin EnvironmentQueryEditor
LogPluginManager: Mounting plugin LightPropagationVolume
LogPluginManager: Mounting plugin OodleData
LogPluginManager: Mounting plugin OodleNetwork
LogPluginManager: Mounting plugin DatasmithContent
LogPluginManager: Mounting plugin VariantManagerContent
LogPluginManager: Mounting plugin GameplayCameras
LogPluginManager: Mounting plugin Niagara
LogPluginManager: Mounting plugin CameraShakePreviewer
LogPluginManager: Mounting plugin AssetManagerEditor
LogPluginManager: Mounting plugin CryptoKeys
LogPluginManager: Mounting plugin CurveEditorTools
LogPluginManager: Mounting plugin EditorScriptingUtilities
LogPluginManager: Mounting plugin FacialAnimation
LogPluginManager: Mounting plugin GameplayTagsEditor
LogPluginManager: Mounting plugin GeometryMode
LogPluginManager: Mounting plugin MacGraphicsSwitching
LogPluginManager: Mounting plugin MaterialAnalyzer
LogPluginManager: Mounting plugin MobileLauncherProfileWizard
LogPluginManager: Mounting plugin PluginBrowser
LogPluginManager: Mounting plugin SpeedTreeImporter
LogPluginManager: Mounting plugin AlembicImporter
LogPluginManager: Mounting plugin AutomationUtils
LogPluginManager: Mounting plugin BackChannel
LogPluginManager: Mounting plugin ChaosClothEditor
LogPluginManager: Mounting plugin ChaosCloth
LogPluginManager: Mounting plugin ChaosEditor
LogPluginManager: Mounting plugin ChaosNiagara
LogPluginManager: Mounting plugin ChaosSolverPlugin
LogPluginManager: Mounting plugin CharacterAI
LogPluginManager: Mounting plugin GeometryCache
LogPluginManager: Mounting plugin GeometryCollectionPlugin
LogPluginManager: Mounting plugin LuminPlatformFeatures
LogPluginManager: Mounting plugin MagicLeap
LogPluginManager: Mounting plugin MagicLeapLightEstimation
LogPluginManager: Mounting plugin MagicLeapMedia
LogPluginManager: Mounting plugin MagicLeapPassableWorld
LogPluginManager: Mounting plugin DataValidation
LogPluginManager: Mounting plugin MLSDK
LogPluginManager: Mounting plugin GeometryProcessing
LogPluginManager: Mounting plugin MotoSynth
LogPluginManager: Mounting plugin OpenImageDenoise
LogPluginManager: Mounting plugin PlanarCut
LogPluginManager: Mounting plugin PlatformCrypto
LogPluginManager: Mounting plugin PythonScriptPlugin
LogPluginManager: Mounting plugin ProxyLODPlugin
LogPluginManager: Mounting plugin SkeletalReduction
LogPluginManager: Mounting plugin ActorSequence
LogPluginManager: Mounting plugin LevelSequenceEditor
LogPluginManager: Mounting plugin MatineeToLevelSequence
LogPluginManager: Mounting plugin TemplateSequence
LogPluginManager: Mounting plugin CLionSourceCodeAccess
LogPluginManager: Mounting plugin AnimationSharing
LogPluginManager: Mounting plugin CodeLiteSourceCodeAccess
LogPluginManager: Mounting plugin GitSourceControl
LogPluginManager: Mounting plugin KDevelopSourceCodeAccess
LogPluginManager: Mounting plugin NullSourceCodeAccess
LogPluginManager: Mounting plugin PerforceSourceControl
LogPluginManager: Mounting plugin PlasticSourceControl
LogPluginManager: Mounting plugin PropertyAccessNode
LogPluginManager: Mounting plugin RiderSourceCodeAccess
LogPluginManager: Mounting plugin SubversionSourceControl
LogPluginManager: Mounting plugin TextureFormatOodle
LogPluginManager: Mounting plugin PluginUtils
LogPluginManager: Mounting plugin UObjectPlugin
LogPluginManager: Mounting plugin VisualStudioCodeSourceCodeAccess
LogPluginManager: Mounting plugin VisualStudioSourceCodeAccess
LogPluginManager: Mounting plugin XCodeSourceCodeAccess
LogPluginManager: Mounting plugin OnlineSubsystem
LogPluginManager: Mounting plugin PixWinPlugin
LogPluginManager: Mounting plugin OnlineSubsystemNull
LogPluginManager: Mounting plugin OnlineSubsystemUtils
LogPluginManager: Mounting plugin LauncherChunkInstaller
LogPluginManager: Mounting plugin ActorLayerUtilities
LogPluginManager: Mounting plugin AndroidDeviceProfileSelector
LogPluginManager: Mounting plugin AndroidMoviePlayer
LogPluginManager: Mounting plugin AndroidPermission
LogPluginManager: Mounting plugin AppleMoviePlayer
LogPluginManager: Mounting plugin AppleImageUtils
LogPluginManager: Mounting plugin ArchVisCharacter
LogPluginManager: Mounting plugin AudioCapture
LogPluginManager: Mounting plugin AudioSynesthesia
LogPluginManager: Mounting plugin AssetTags
LogPluginManager: Mounting plugin CableComponent
LogPluginManager: Mounting plugin ChunkDownloader
LogPluginManager: Mounting plugin CustomMeshComponent
LogPluginManager: Mounting plugin EditableMesh
LogPluginManager: Mounting plugin ExampleDeviceProfileSelector
LogPluginManager: Mounting plugin GoogleCloudMessaging
LogPluginManager: Mounting plugin GooglePAD
LogPluginManager: Mounting plugin IOSDeviceProfileSelector
LogPluginManager: Mounting plugin LinuxDeviceProfileSelector
LogPluginManager: Mounting plugin Takes
LogPluginManager: Mounting plugin LocationServicesBPLibrary
LogPluginManager: Mounting plugin MobilePatchingUtils
LogPluginManager: Mounting plugin OpenXR
LogPluginManager: Mounting plugin OpenXREyeTracker
LogPluginManager: Mounting plugin OpenXRHandTracking
LogPluginManager: Mounting plugin AndroidMedia
LogPluginManager: Mounting plugin AvfMedia
LogPluginManager: Mounting plugin PhysXVehicles
LogPluginManager: Mounting plugin ImgMedia
LogPluginManager: Mounting plugin MediaCompositing
LogPluginManager: Mounting plugin MediaPlayerEditor
LogPluginManager: Mounting plugin WebMMedia
LogPluginManager: Mounting plugin PostSplashScreen
LogPluginManager: Mounting plugin WmfMedia
LogPluginManager: Mounting plugin ProceduralMeshComponent
LogPluginManager: Mounting plugin RuntimePhysXCooking
LogPluginManager: Mounting plugin PropertyAccessEditor
LogPluginManager: Mounting plugin SignificanceManager
LogPluginManager: Mounting plugin SoundFields
LogPluginManager: Mounting plugin Synthesis
LogPluginManager: Mounting plugin WebMMoviePlayer
LogPluginManager: Mounting plugin WindowsMoviePlayer
LogPluginManager: Mounting plugin ScreenshotTools
LogPluginManager: Mounting plugin TcpMessaging
LogPluginManager: Mounting plugin UdpMessaging
LogPluginManager: Mounting plugin ContentBrowserAssetDataSource
LogPluginManager: Mounting plugin ContentBrowserFileDataSource
LogPluginManager: Mounting plugin ContentBrowserClassDataSource
LogPluginManager: Mounting plugin OnlineSubsystemIOS
LogPluginManager: Mounting plugin OnlineSubsystemGooglePlay
LogPluginManager: Mounting plugin DatabaseSupport
LogPluginManager: Mounting plugin SQLiteCore
LogPluginManager: Mounting plugin SQLiteSupport
LogPluginManager: Mounting plugin OculusVR
LogPluginManager: Mounting plugin SteamVR
LogLuminAPIImpl: Warning: MLSDK not found.  This likely means the MLSDK environment variable is not set.
LogInit: Using libcurl 7.55.1-DEV
LogInit:  - built for x86_64-pc-win32
LogInit:  - supports SSL with OpenSSL/1.1.1
LogInit:  - supports HTTP deflate (compression) using libz 1.2.8
LogInit:  - other features:
LogInit:      CURL_VERSION_SSL
LogInit:      CURL_VERSION_LIBZ
LogInit:      CURL_VERSION_IPV6
LogInit:      CURL_VERSION_ASYNCHDNS
LogInit:      CURL_VERSION_LARGEFILE
LogInit:      CURL_VERSION_IDN
LogInit:  CurlRequestOptions (configurable via config and command line):
LogInit:  - bVerifyPeer = true  - Libcurl will verify peer certificate
LogInit:  - bUseHttpProxy = false  - Libcurl will NOT use HTTP proxy
LogInit:  - bDontReuseConnections = false  - Libcurl will reuse connections
LogInit:  - MaxHostConnections = 16  - Libcurl will limit the number of connections to a host
LogInit:  - LocalHostAddr = Default
LogInit:  - BufferSize = 65536
LogOnline: OSS: Creating online subsystem instance for: NULL
LogInit: WinSock: version 1.1 (2.2), MaxSocks=32767, MaxUdp=65467
LogOnline: OSS: TryLoadSubsystemAndSetDefault: Loaded subsystem for module [NULL]
PixWinPlugin: PIX capture plugin failed to initialize! Check that the process is launched from PIX.
LogOculusPluginWrapper: OculusPlugin initialized successfully
LogHMD: Failed initializing OVRPlugin 1.59.0
LogInit: Build: ++UE4+Release-4.27-CL-18319896
LogInit: Engine Version: 4.27.2-18319896+++UE4+Release-4.27
LogInit: Compatible Engine Version: 4.27.0-17155196+++UE4+Release-4.27
LogInit: Net CL: 17155196
LogInit: OS: Windows 10 (Release 2009) (), CPU: Intel(R) Core(TM) i5-10300H CPU @ 2.50GHz, GPU: Intel(R) UHD Graphics
LogInit: Compiled (64-bit): Nov 30 2021 07:12:08
LogInit: Compiled with Visual C++: 19.24.28315.00
LogInit: Build Configuration: Development
LogInit: Branch Name: ++UE4+Release-4.27
LogInit: Command Line: 
LogInit: Base Directory: C:/Program Files/Epic Games/UE_4.27/Engine/Binaries/Win64/
LogInit: Allocator: TBB
LogInit: Installed Engine Build: 1
LogDevObjectVersion: Number of dev versions registered: 29
LogDevObjectVersion:   Dev-Blueprints (B0D832E4-1F89-4F0D-ACCF-7EB736FD4AA2): 10
LogDevObjectVersion:   Dev-Build (E1C64328-A22C-4D53-A36C-8E866417BD8C): 0
LogDevObjectVersion:   Dev-Core (375EC13C-06E4-48FB-B500-84F0262A717E): 4
LogDevObjectVersion:   Dev-Editor (E4B068ED-F494-42E9-A231-DA0B2E46BB41): 40
LogDevObjectVersion:   Dev-Framework (CFFC743F-43B0-4480-9391-14DF171D2073): 37
LogDevObjectVersion:   Dev-Mobile (B02B49B5-BB20-44E9-A304-32B752E40360): 3
LogDevObjectVersion:   Dev-Networking (A4E4105C-59A1-49B5-A7C5-40C4547EDFEE): 0
LogDevObjectVersion:   Dev-Online (39C831C9-5AE6-47DC-9A44-9C173E1C8E7C): 0
LogDevObjectVersion:   Dev-Physics (78F01B33-EBEA-4F98-B9B4-84EACCB95AA2): 14
LogDevObjectVersion:   Dev-Platform (6631380F-2D4D-43E0-8009-CF276956A95A): 0
LogDevObjectVersion:   Dev-Rendering (12F88B9F-8875-4AFC-A67C-D90C383ABD29): 45
LogDevObjectVersion:   Dev-Sequencer (7B5AE74C-D270-4C10-A958-57980B212A5A): 13
LogDevObjectVersion:   Dev-VR (D7296918-1DD6-4BDD-9DE2-64A83CC13884): 3
LogDevObjectVersion:   Dev-LoadTimes (C2A15278-BFE7-4AFE-6C17-90FF531DF755): 1
LogDevObjectVersion:   Private-Geometry (6EACA3D4-40EC-4CC1-B786-8BED09428FC5): 3
LogDevObjectVersion:   Dev-AnimPhys (29E575DD-E0A3-4627-9D10-D276232CDCEA): 17
LogDevObjectVersion:   Dev-Anim (AF43A65D-7FD3-4947-9873-3E8ED9C1BB05): 15
LogDevObjectVersion:   Dev-ReflectionCapture (6B266CEC-1EC7-4B8F-A30B-E4D90942FC07): 1
LogDevObjectVersion:   Dev-Automation (0DF73D61-A23F-47EA-B727-89E90C41499A): 1
LogDevObjectVersion:   FortniteMain (601D1886-AC64-4F84-AA16-D3DE0DEAC7D6): 47
LogDevObjectVersion:   FortniteRelease (E7086368-6B23-4C58-8439-1B7016265E91): 1
LogDevObjectVersion:   Dev-Enterprise (9DFFBCD6-494F-0158-E221-12823C92A888): 10
LogDevObjectVersion:   Dev-Niagara (F2AED0AC-9AFE-416F-8664-AA7FFA26D6FC): 1
LogDevObjectVersion:   Dev-Destruction (174F1F0B-B4C6-45A5-B13F-2EE8D0FB917D): 10
LogDevObjectVersion:   Dev-Physics-Ext (35F94A83-E258-406C-A318-09F59610247C): 41
LogDevObjectVersion:   Dev-PhysicsMaterial-Chaos (B68FC16E-8B1B-42E2-B453-215C058844FE): 1
LogDevObjectVersion:   Dev-CineCamera (B2E18506-4273-CFC2-A54E-F4BB758BBA07): 1
LogDevObjectVersion:   Dev-VirtualProduction (64F58936-FD1B-42BA-BA96-7289D5D0FA4E): 1
LogDevObjectVersion:   Dev-MediaFramework (6F0ED827-A609-4895-9C91-998D90180EA4): 2
LogInit: Presizing for max 25165824 objects, including 0 objects not considered by GC, pre-allocating 0 bytes for permanent pool.
LogConfig: Applying CVar settings from Section [/Script/Engine.StreamingSettings] File [C:/Work/UnrealMeta2/L20221025/Saved/Config/Windows/Engine.ini]
LogConfig: Setting CVar [[s.MinBulkDataSizeForAsyncLoading:131072]]
LogConfig: Setting CVar [[s.AsyncLoadingThreadEnabled:0]]
LogConfig: Setting CVar [[s.EventDrivenLoaderEnabled:1]]
LogConfig: Setting CVar [[s.WarnIfTimeLimitExceeded:0]]
LogConfig: Setting CVar [[s.TimeLimitExceededMultiplier:1.5]]
LogConfig: Setting CVar [[s.TimeLimitExceededMinTime:0.005]]
LogConfig: Setting CVar [[s.UseBackgroundLevelStreaming:1]]
LogConfig: Setting CVar [[s.PriorityAsyncLoadingExtraTime:15.0]]
LogConfig: Setting CVar [[s.LevelStreamingActorsUpdateTimeLimit:5.0]]
LogConfig: Setting CVar [[s.PriorityLevelStreamingActorsUpdateExtraTime:5.0]]
LogConfig: Setting CVar [[s.LevelStreamingComponentsRegistrationGranularity:10]]
LogConfig: Setting CVar [[s.UnregisterComponentsTimeLimit:1.0]]
LogConfig: Setting CVar [[s.LevelStreamingComponentsUnregistrationGranularity:5]]
LogConfig: Setting CVar [[s.FlushStreamingOnExit:1]]
LogInit: Object subsystem initialized
LogConfig: Setting CVar [[con.DebugEarlyDefault:1]]
LogConfig: Setting CVar [[r.setres:1280x720]]
[2022.10.25-01.40.02:178][  0]LogConfig: Setting CVar [[r.VSync:0]]
[2022.10.25-01.40.02:178][  0]LogConfig: Setting CVar [[r.RHICmdBypass:0]]
[2022.10.25-01.40.02:178][  0]LogConfig: Applying CVar settings from Section [/Script/Engine.RendererSettings] File [C:/Work/UnrealMeta2/L20221025/Saved/Config/Windows/Engine.ini]
[2022.10.25-01.40.02:178][  0]LogConfig: Setting CVar [[r.GPUCrashDebugging:0]]
[2022.10.25-01.40.02:178][  0]LogConfig: Applying CVar settings from Section [/Script/Engine.RendererOverrideSettings] File [C:/Work/UnrealMeta2/L20221025/Saved/Config/Windows/Engine.ini]
[2022.10.25-01.40.02:178][  0]LogConfig: Applying CVar settings from Section [/Script/Engine.StreamingSettings] File [C:/Work/UnrealMeta2/L20221025/Saved/Config/Windows/Engine.ini]
[2022.10.25-01.40.02:178][  0]LogConfig: Setting CVar [[s.MinBulkDataSizeForAsyncLoading:131072]]
[2022.10.25-01.40.02:178][  0]LogConfig: Setting CVar [[s.AsyncLoadingThreadEnabled:0]]
[2022.10.25-01.40.02:178][  0]LogConfig: Setting CVar [[s.EventDrivenLoaderEnabled:1]]
[2022.10.25-01.40.02:178][  0]LogConfig: Setting CVar [[s.WarnIfTimeLimitExceeded:0]]
[2022.10.25-01.40.02:178][  0]LogConfig: Setting CVar [[s.TimeLimitExceededMultiplier:1.5]]
[2022.10.25-01.40.02:178][  0]LogConfig: Setting CVar [[s.TimeLimitExceededMinTime:0.005]]
[2022.10.25-01.40.02:178][  0]LogConfig: Setting CVar [[s.UseBackgroundLevelStreaming:1]]
[2022.10.25-01.40.02:178][  0]LogConfig: Setting CVar [[s.PriorityAsyncLoadingExtraTime:15.0]]
[2022.10.25-01.40.02:178][  0]LogConfig: Setting CVar [[s.LevelStreamingActorsUpdateTimeLimit:5.0]]
[2022.10.25-01.40.02:178][  0]LogConfig: Setting CVar [[s.PriorityLevelStreamingActorsUpdateExtraTime:5.0]]
[2022.10.25-01.40.02:178][  0]LogConfig: Setting CVar [[s.LevelStreamingComponentsRegistrationGranularity:10]]
[2022.10.25-01.40.02:178][  0]LogConfig: Setting CVar [[s.UnregisterComponentsTimeLimit:1.0]]
[2022.10.25-01.40.02:178][  0]LogConfig: Setting CVar [[s.LevelStreamingComponentsUnregistrationGranularity:5]]
[2022.10.25-01.40.02:178][  0]LogConfig: Setting CVar [[s.FlushStreamingOnExit:1]]
[2022.10.25-01.40.02:178][  0]LogConfig: Applying CVar settings from Section [/Script/Engine.GarbageCollectionSettings] File [C:/Work/UnrealMeta2/L20221025/Saved/Config/Windows/Engine.ini]
[2022.10.25-01.40.02:178][  0]LogConfig: Setting CVar [[gc.MaxObjectsNotConsideredByGC:1]]
[2022.10.25-01.40.02:178][  0]LogConfig: Setting CVar [[gc.SizeOfPermanentObjectPool:0]]
[2022.10.25-01.40.02:178][  0]LogConfig: Setting CVar [[gc.FlushStreamingOnGC:0]]
[2022.10.25-01.40.02:178][  0]LogConfig: Setting CVar [[gc.NumRetriesBeforeForcingGC:10]]
[2022.10.25-01.40.02:178][  0]LogConfig: Setting CVar [[gc.AllowParallelGC:1]]
[2022.10.25-01.40.02:178][  0]LogConfig: Setting CVar [[gc.TimeBetweenPurgingPendingKillObjects:61.1]]
[2022.10.25-01.40.02:178][  0]LogConfig: Setting CVar [[gc.MaxObjectsInEditor:25165824]]
[2022.10.25-01.40.02:178][  0]LogConfig: Setting CVar [[gc.IncrementalBeginDestroyEnabled:1]]
[2022.10.25-01.40.02:178][  0]LogConfig: Setting CVar [[gc.CreateGCClusters:1]]
[2022.10.25-01.40.02:178][  0]LogConfig: Setting CVar [[gc.MinGCClusterSize:5]]
[2022.10.25-01.40.02:178][  0]LogConfig: Setting CVar [[gc.ActorClusteringEnabled:0]]
[2022.10.25-01.40.02:178][  0]LogConfig: Setting CVar [[gc.BlueprintClusteringEnabled:0]]
[2022.10.25-01.40.02:178][  0]LogConfig: Setting CVar [[gc.UseDisregardForGCOnDedicatedServers:0]]
[2022.10.25-01.40.02:178][  0]LogConfig: Setting CVar [[gc.MultithreadedDestructionEnabled:1]]
[2022.10.25-01.40.02:178][  0]LogConfig: Applying CVar settings from Section [/Script/Engine.NetworkSettings] File [C:/Work/UnrealMeta2/L20221025/Saved/Config/Windows/Engine.ini]
[2022.10.25-01.40.02:178][  0]LogConfig: Applying CVar settings from Section [/Script/UnrealEd.CookerSettings] File [C:/Work/UnrealMeta2/L20221025/Saved/Config/Windows/Engine.ini]
[2022.10.25-01.40.02:183][  0]LogConfig: Applying CVar settings from Section [ViewDistanceQuality@3] File [C:/Work/UnrealMeta2/L20221025/Saved/Config/Windows/Scalability.ini]
[2022.10.25-01.40.02:183][  0]LogConfig: Setting CVar [[r.SkeletalMeshLODBias:0]]
[2022.10.25-01.40.02:183][  0]LogConfig: Setting CVar [[r.ViewDistanceScale:1.0]]
[2022.10.25-01.40.02:183][  0]LogConfig: Applying CVar settings from Section [AntiAliasingQuality@3] File [C:/Work/UnrealMeta2/L20221025/Saved/Config/Windows/Scalability.ini]
[2022.10.25-01.40.02:183][  0]LogConfig: Setting CVar [[r.PostProcessAAQuality:4]]
[2022.10.25-01.40.02:183][  0]LogConfig: Applying CVar settings from Section [ShadowQuality@3] File [C:/Work/UnrealMeta2/L20221025/Saved/Config/Windows/Scalability.ini]
[2022.10.25-01.40.02:183][  0]LogConfig: Setting CVar [[r.LightFunctionQuality:1]]
[2022.10.25-01.40.02:183][  0]LogConfig: Setting CVar [[r.ShadowQuality:5]]
[2022.10.25-01.40.02:183][  0]LogConfig: Setting CVar [[r.Shadow.CSM.MaxCascades:10]]
[2022.10.25-01.40.02:183][  0]LogConfig: Setting CVar [[r.Shadow.MaxResolution:2048]]
[2022.10.25-01.40.02:183][  0]LogConfig: Setting CVar [[r.Shadow.MaxCSMResolution:2048]]
[2022.10.25-01.40.02:183][  0]LogConfig: Setting CVar [[r.Shadow.RadiusThreshold:0.01]]
[2022.10.25-01.40.02:183][  0]LogConfig: Setting CVar [[r.Shadow.DistanceScale:1.0]]
[2022.10.25-01.40.02:183][  0]LogConfig: Setting CVar [[r.Shadow.CSM.TransitionScale:1.0]]
[2022.10.25-01.40.02:183][  0]LogConfig: Setting CVar [[r.Shadow.PreShadowResolutionFactor:1.0]]
[2022.10.25-01.40.02:183][  0]LogConfig: Setting CVar [[r.DistanceFieldShadowing:1]]
[2022.10.25-01.40.02:183][  0]LogConfig: Setting CVar [[r.DistanceFieldAO:1]]
[2022.10.25-01.40.02:183][  0]LogConfig: Setting CVar [[r.AOQuality:2]]
[2022.10.25-01.40.02:183][  0]LogConfig: Setting CVar [[r.VolumetricFog:1]]
[2022.10.25-01.40.02:183][  0]LogConfig: Setting CVar [[r.VolumetricFog.GridPixelSize:8]]
[2022.10.25-01.40.02:183][  0]LogConfig: Setting CVar [[r.VolumetricFog.GridSizeZ:128]]
[2022.10.25-01.40.02:183][  0]LogConfig: Setting CVar [[r.VolumetricFog.HistoryMissSupersampleCount:4]]
[2022.10.25-01.40.02:183][  0]LogConfig: Setting CVar [[r.LightMaxDrawDistanceScale:1]]
[2022.10.25-01.40.02:183][  0]LogConfig: Setting CVar [[r.CapsuleShadows:1]]
[2022.10.25-01.40.02:183][  0]LogConfig: Applying CVar settings from Section [PostProcessQuality@3] File [C:/Work/UnrealMeta2/L20221025/Saved/Config/Windows/Scalability.ini]
[2022.10.25-01.40.02:183][  0]LogConfig: Setting CVar [[r.MotionBlurQuality:4]]
[2022.10.25-01.40.02:183][  0]LogConfig: Setting CVar [[r.AmbientOcclusionMipLevelFactor:0.4]]
[2022.10.25-01.40.02:183][  0]LogConfig: Setting CVar [[r.AmbientOcclusionMaxQuality:100]]
[2022.10.25-01.40.02:183][  0]LogConfig: Setting CVar [[r.AmbientOcclusionLevels:-1]]
[2022.10.25-01.40.02:183][  0]LogConfig: Setting CVar [[r.AmbientOcclusionRadiusScale:1.0]]
[2022.10.25-01.40.02:183][  0]LogConfig: Setting CVar [[r.DepthOfFieldQuality:2]]
[2022.10.25-01.40.02:183][  0]LogConfig: Setting CVar [[r.RenderTargetPoolMin:400]]
[2022.10.25-01.40.02:183][  0]LogConfig: Setting CVar [[r.LensFlareQuality:2]]
[2022.10.25-01.40.02:183][  0]LogConfig: Setting CVar [[r.SceneColorFringeQuality:1]]
[2022.10.25-01.40.02:183][  0]LogConfig: Setting CVar [[r.EyeAdaptationQuality:2]]
[2022.10.25-01.40.02:183][  0]LogConfig: Setting CVar [[r.BloomQuality:5]]
[2022.10.25-01.40.02:183][  0]LogConfig: Setting CVar [[r.FastBlurThreshold:100]]
[2022.10.25-01.40.02:183][  0]LogConfig: Setting CVar [[r.Upscale.Quality:3]]
[2022.10.25-01.40.02:184][  0]LogConfig: Setting CVar [[r.Tonemapper.GrainQuantization:1]]
[2022.10.25-01.40.02:184][  0]LogConfig: Setting CVar [[r.LightShaftQuality:1]]
[2022.10.25-01.40.02:184][  0]LogConfig: Setting CVar [[r.Filter.SizeScale:1]]
[2022.10.25-01.40.02:184][  0]LogConfig: Setting CVar [[r.Tonemapper.Quality:5]]
[2022.10.25-01.40.02:184][  0]LogConfig: Setting CVar [[r.DOF.Gather.AccumulatorQuality:1        ; higher gathering accumulator quality]]
[2022.10.25-01.40.02:184][  0]LogConfig: Setting CVar [[r.DOF.Gather.PostfilterMethod:1          ; Median3x3 postfilering method]]
[2022.10.25-01.40.02:184][  0]LogConfig: Setting CVar [[r.DOF.Gather.EnableBokehSettings:0       ; no bokeh simulation when gathering]]
[2022.10.25-01.40.02:184][  0]LogConfig: Setting CVar [[r.DOF.Gather.RingCount:4                 ; medium number of samples when gathering]]
[2022.10.25-01.40.02:184][  0]LogConfig: Setting CVar [[r.DOF.Scatter.ForegroundCompositing:1    ; additive foreground scattering]]
[2022.10.25-01.40.02:184][  0]LogConfig: Setting CVar [[r.DOF.Scatter.BackgroundCompositing:2    ; additive background scattering]]
[2022.10.25-01.40.02:184][  0]LogConfig: Setting CVar [[r.DOF.Scatter.EnableBokehSettings:1      ; bokeh simulation when scattering]]
[2022.10.25-01.40.02:184][  0]LogConfig: Setting CVar [[r.DOF.Scatter.MaxSpriteRatio:0.1         ; only a maximum of 10% of scattered bokeh]]
[2022.10.25-01.40.02:184][  0]LogConfig: Setting CVar [[r.DOF.Recombine.Quality:1                ; cheap slight out of focus]]
[2022.10.25-01.40.02:184][  0]LogConfig: Setting CVar [[r.DOF.Recombine.EnableBokehSettings:0    ; no bokeh simulation on slight out of focus]]
[2022.10.25-01.40.02:184][  0]LogConfig: Setting CVar [[r.DOF.TemporalAAQuality:1                ; more stable temporal accumulation]]
[2022.10.25-01.40.02:184][  0]LogConfig: Setting CVar [[r.DOF.Kernel.MaxForegroundRadius:0.025]]
[2022.10.25-01.40.02:184][  0]LogConfig: Setting CVar [[r.DOF.Kernel.MaxBackgroundRadius:0.025]]
[2022.10.25-01.40.02:184][  0]LogConfig: Applying CVar settings from Section [TextureQuality@3] File [C:/Work/UnrealMeta2/L20221025/Saved/Config/Windows/Scalability.ini]
[2022.10.25-01.40.02:184][  0]LogConfig: Setting CVar [[r.Streaming.MipBias:0]]
[2022.10.25-01.40.02:184][  0]LogConfig: Setting CVar [[r.Streaming.AmortizeCPUToGPUCopy:0]]
[2022.10.25-01.40.02:184][  0]LogConfig: Setting CVar [[r.Streaming.MaxNumTexturesToStreamPerFrame:0]]
[2022.10.25-01.40.02:184][  0]LogConfig: Setting CVar [[r.Streaming.Boost:1]]
[2022.10.25-01.40.02:184][  0]LogConfig: Setting CVar [[r.MaxAnisotropy:8]]
[2022.10.25-01.40.02:184][  0]LogConfig: Setting CVar [[r.VT.MaxAnisotropy:8]]
[2022.10.25-01.40.02:184][  0]LogConfig: Setting CVar [[r.Streaming.LimitPoolSizeToVRAM:0]]
[2022.10.25-01.40.02:184][  0]LogConfig: Setting CVar [[r.Streaming.PoolSize:1000]]
[2022.10.25-01.40.02:184][  0]LogConfig: Setting CVar [[r.Streaming.MaxEffectiveScreenSize:0]]
[2022.10.25-01.40.02:184][  0]LogConfig: Applying CVar settings from Section [EffectsQuality@3] File [C:/Work/UnrealMeta2/L20221025/Saved/Config/Windows/Scalability.ini]
[2022.10.25-01.40.02:184][  0]LogConfig: Setting CVar [[r.TranslucencyLightingVolumeDim:64]]
[2022.10.25-01.40.02:184][  0]LogConfig: Setting CVar [[r.RefractionQuality:2]]
[2022.10.25-01.40.02:184][  0]LogConfig: Setting CVar [[r.SSR.Quality:3]]
[2022.10.25-01.40.02:184][  0]LogConfig: Setting CVar [[r.SSR.HalfResSceneColor:0]]
[2022.10.25-01.40.02:184][  0]LogConfig: Setting CVar [[r.SceneColorFormat:4]]
[2022.10.25-01.40.02:184][  0]LogConfig: Setting CVar [[r.DetailMode:2]]
[2022.10.25-01.40.02:184][  0]LogConfig: Setting CVar [[r.TranslucencyVolumeBlur:1]]
[2022.10.25-01.40.02:184][  0]LogConfig: Setting CVar [[r.MaterialQualityLevel:1 ; High quality]]
[2022.10.25-01.40.02:184][  0]LogConfig: Setting CVar [[r.AnisotropicMaterials:1]]
[2022.10.25-01.40.02:184][  0]LogConfig: Setting CVar [[r.SSS.Scale:1]]
[2022.10.25-01.40.02:184][  0]LogConfig: Setting CVar [[r.SSS.SampleSet:2]]
[2022.10.25-01.40.02:184][  0]LogConfig: Setting CVar [[r.SSS.Quality:1]]
[2022.10.25-01.40.02:184][  0]LogConfig: Setting CVar [[r.SSS.HalfRes:0]]
[2022.10.25-01.40.02:184][  0]LogConfig: Setting CVar [[r.SSGI.Quality:3]]
[2022.10.25-01.40.02:184][  0]LogConfig: Setting CVar [[r.EmitterSpawnRateScale:1.0]]
[2022.10.25-01.40.02:184][  0]LogConfig: Setting CVar [[r.ParticleLightQuality:2]]
[2022.10.25-01.40.02:184][  0]LogConfig: Setting CVar [[r.SkyAtmosphere.AerialPerspectiveLUT.FastApplyOnOpaque:1 ; Always have FastSkyLUT 1 in this case to avoid wrong sky]]
[2022.10.25-01.40.02:184][  0]LogConfig: Setting CVar [[r.SkyAtmosphere.AerialPerspectiveLUT.SampleCountMaxPerSlice:4]]
[2022.10.25-01.40.02:184][  0]LogConfig: Setting CVar [[r.SkyAtmosphere.AerialPerspectiveLUT.DepthResolution:16.0]]
[2022.10.25-01.40.02:184][  0]LogConfig: Setting CVar [[r.SkyAtmosphere.FastSkyLUT:1]]
[2022.10.25-01.40.02:184][  0]LogConfig: Setting CVar [[r.SkyAtmosphere.FastSkyLUT.SampleCountMin:4.0]]
[2022.10.25-01.40.02:184][  0]LogConfig: Setting CVar [[r.SkyAtmosphere.FastSkyLUT.SampleCountMax:128.0]]
[2022.10.25-01.40.02:184][  0]LogConfig: Setting CVar [[r.SkyAtmosphere.SampleCountMin:4.0]]
[2022.10.25-01.40.02:184][  0]LogConfig: Setting CVar [[r.SkyAtmosphere.SampleCountMax:128.0]]
[2022.10.25-01.40.02:184][  0]LogConfig: Setting CVar [[r.SkyAtmosphere.TransmittanceLUT.UseSmallFormat:0]]
[2022.10.25-01.40.02:184][  0]LogConfig: Setting CVar [[r.SkyAtmosphere.TransmittanceLUT.SampleCount:10.0]]
[2022.10.25-01.40.02:184][  0]LogConfig: Setting CVar [[r.SkyAtmosphere.MultiScatteringLUT.SampleCount:15.0]]
[2022.10.25-01.40.02:184][  0]LogConfig: Setting CVar [[r.SkyLight.RealTimeReflectionCapture:1]]
[2022.10.25-01.40.02:184][  0]LogConfig: Applying CVar settings from Section [FoliageQuality@3] File [C:/Work/UnrealMeta2/L20221025/Saved/Config/Windows/Scalability.ini]
[2022.10.25-01.40.02:184][  0]LogConfig: Setting CVar [[foliage.DensityScale:1.0]]
[2022.10.25-01.40.02:185][  0]LogConfig: Setting CVar [[grass.DensityScale:1.0]]
[2022.10.25-01.40.02:185][  0]LogConfig: Applying CVar settings from Section [ShadingQuality@3] File [C:/Work/UnrealMeta2/L20221025/Saved/Config/Windows/Scalability.ini]
[2022.10.25-01.40.02:185][  0]LogConfig: Setting CVar [[r.HairStrands.SkyLighting.IntegrationType:2]]
[2022.10.25-01.40.02:185][  0]LogConfig: Setting CVar [[r.HairStrands.SkyAO.SampleCount:4]]
[2022.10.25-01.40.02:185][  0]LogConfig: Setting CVar [[r.HairStrands.Visibility.MSAA.SamplePerPixel:4]]
[2022.10.25-01.40.02:185][  0]LogInit: Selected Device Profile: [Windows]
[2022.10.25-01.40.02:185][  0]LogInit: Applying CVar settings loaded from the selected device profile: [Windows]
[2022.10.25-01.40.02:185][  0]LogHAL: Display: Platform has ~ 8 GB [8399294464 / 8589934592 / 8], which maps to Default [LargestMinGB=32, LargerMinGB=12, DefaultMinGB=8, SmallerMinGB=6, SmallestMinGB=0)
[2022.10.25-01.40.02:185][  0]LogInit: Going up to parent DeviceProfile []
[2022.10.25-01.40.02:185][  0]LogConfig: Applying CVar settings from Section [ViewDistanceQuality@3] File [C:/Work/UnrealMeta2/L20221025/Saved/Config/Windows/Scalability.ini]
[2022.10.25-01.40.02:185][  0]LogConfig: Setting CVar [[r.SkeletalMeshLODBias:0]]
[2022.10.25-01.40.02:185][  0]LogConfig: Setting CVar [[r.ViewDistanceScale:1.0]]
[2022.10.25-01.40.02:185][  0]LogConfig: Applying CVar settings from Section [AntiAliasingQuality@3] File [C:/Work/UnrealMeta2/L20221025/Saved/Config/Windows/Scalability.ini]
[2022.10.25-01.40.02:185][  0]LogConfig: Setting CVar [[r.PostProcessAAQuality:4]]
[2022.10.25-01.40.02:185][  0]LogConfig: Applying CVar settings from Section [ShadowQuality@3] File [C:/Work/UnrealMeta2/L20221025/Saved/Config/Windows/Scalability.ini]
[2022.10.25-01.40.02:185][  0]LogConfig: Setting CVar [[r.LightFunctionQuality:1]]
[2022.10.25-01.40.02:185][  0]LogConfig: Setting CVar [[r.ShadowQuality:5]]
[2022.10.25-01.40.02:185][  0]LogConfig: Setting CVar [[r.Shadow.CSM.MaxCascades:10]]
[2022.10.25-01.40.02:185][  0]LogConfig: Setting CVar [[r.Shadow.MaxResolution:2048]]
[2022.10.25-01.40.02:185][  0]LogConfig: Setting CVar [[r.Shadow.MaxCSMResolution:2048]]
[2022.10.25-01.40.02:185][  0]LogConfig: Setting CVar [[r.Shadow.RadiusThreshold:0.01]]
[2022.10.25-01.40.02:185][  0]LogConfig: Setting CVar [[r.Shadow.DistanceScale:1.0]]
[2022.10.25-01.40.02:185][  0]LogConfig: Setting CVar [[r.Shadow.CSM.TransitionScale:1.0]]
[2022.10.25-01.40.02:185][  0]LogConfig: Setting CVar [[r.Shadow.PreShadowResolutionFactor:1.0]]
[2022.10.25-01.40.02:185][  0]LogConfig: Setting CVar [[r.DistanceFieldShadowing:1]]
[2022.10.25-01.40.02:185][  0]LogConfig: Setting CVar [[r.DistanceFieldAO:1]]
[2022.10.25-01.40.02:185][  0]LogConfig: Setting CVar [[r.AOQuality:2]]
[2022.10.25-01.40.02:185][  0]LogConfig: Setting CVar [[r.VolumetricFog:1]]
[2022.10.25-01.40.02:185][  0]LogConfig: Setting CVar [[r.VolumetricFog.GridPixelSize:8]]
[2022.10.25-01.40.02:185][  0]LogConfig: Setting CVar [[r.VolumetricFog.GridSizeZ:128]]
[2022.10.25-01.40.02:185][  0]LogConfig: Setting CVar [[r.VolumetricFog.HistoryMissSupersampleCount:4]]
[2022.10.25-01.40.02:185][  0]LogConfig: Setting CVar [[r.LightMaxDrawDistanceScale:1]]
[2022.10.25-01.40.02:185][  0]LogConfig: Setting CVar [[r.CapsuleShadows:1]]
[2022.10.25-01.40.02:185][  0]LogConfig: Applying CVar settings from Section [PostProcessQuality@3] File [C:/Work/UnrealMeta2/L20221025/Saved/Config/Windows/Scalability.ini]
[2022.10.25-01.40.02:185][  0]LogConfig: Setting CVar [[r.MotionBlurQuality:4]]
[2022.10.25-01.40.02:185][  0]LogConfig: Setting CVar [[r.AmbientOcclusionMipLevelFactor:0.4]]
[2022.10.25-01.40.02:185][  0]LogConfig: Setting CVar [[r.AmbientOcclusionMaxQuality:100]]
[2022.10.25-01.40.02:185][  0]LogConfig: Setting CVar [[r.AmbientOcclusionLevels:-1]]
[2022.10.25-01.40.02:185][  0]LogConfig: Setting CVar [[r.AmbientOcclusionRadiusScale:1.0]]
[2022.10.25-01.40.02:185][  0]LogConfig: Setting CVar [[r.DepthOfFieldQuality:2]]
[2022.10.25-01.40.02:185][  0]LogConfig: Setting CVar [[r.RenderTargetPoolMin:400]]
[2022.10.25-01.40.02:185][  0]LogConfig: Setting CVar [[r.LensFlareQuality:2]]
[2022.10.25-01.40.02:185][  0]LogConfig: Setting CVar [[r.SceneColorFringeQuality:1]]
[2022.10.25-01.40.02:185][  0]LogConfig: Setting CVar [[r.EyeAdaptationQuality:2]]
[2022.10.25-01.40.02:185][  0]LogConfig: Setting CVar [[r.BloomQuality:5]]
[2022.10.25-01.40.02:185][  0]LogConfig: Setting CVar [[r.FastBlurThreshold:100]]
[2022.10.25-01.40.02:185][  0]LogConfig: Setting CVar [[r.Upscale.Quality:3]]
[2022.10.25-01.40.02:185][  0]LogConfig: Setting CVar [[r.Tonemapper.GrainQuantization:1]]
[2022.10.25-01.40.02:185][  0]LogConfig: Setting CVar [[r.LightShaftQuality:1]]
[2022.10.25-01.40.02:185][  0]LogConfig: Setting CVar [[r.Filter.SizeScale:1]]
[2022.10.25-01.40.02:185][  0]LogConfig: Setting CVar [[r.Tonemapper.Quality:5]]
[2022.10.25-01.40.02:185][  0]LogConfig: Setting CVar [[r.DOF.Gather.AccumulatorQuality:1        ; higher gathering accumulator quality]]
[2022.10.25-01.40.02:185][  0]LogConfig: Setting CVar [[r.DOF.Gather.PostfilterMethod:1          ; Median3x3 postfilering method]]
[2022.10.25-01.40.02:185][  0]LogConfig: Setting CVar [[r.DOF.Gather.EnableBokehSettings:0       ; no bokeh simulation when gathering]]
[2022.10.25-01.40.02:185][  0]LogConfig: Setting CVar [[r.DOF.Gather.RingCount:4                 ; medium number of samples when gathering]]
[2022.10.25-01.40.02:185][  0]LogConfig: Setting CVar [[r.DOF.Scatter.ForegroundCompositing:1    ; additive foreground scattering]]
[2022.10.25-01.40.02:185][  0]LogConfig: Setting CVar [[r.DOF.Scatter.BackgroundCompositing:2    ; additive background scattering]]
[2022.10.25-01.40.02:185][  0]LogConfig: Setting CVar [[r.DOF.Scatter.EnableBokehSettings:1      ; bokeh simulation when scattering]]
[2022.10.25-01.40.02:185][  0]LogConfig: Setting CVar [[r.DOF.Scatter.MaxSpriteRatio:0.1         ; only a maximum of 10% of scattered bokeh]]
[2022.10.25-01.40.02:185][  0]LogConfig: Setting CVar [[r.DOF.Recombine.Quality:1                ; cheap slight out of focus]]
[2022.10.25-01.40.02:185][  0]LogConfig: Setting CVar [[r.DOF.Recombine.EnableBokehSettings:0    ; no bokeh simulation on slight out of focus]]
[2022.10.25-01.40.02:185][  0]LogConfig: Setting CVar [[r.DOF.TemporalAAQuality:1                ; more stable temporal accumulation]]
[2022.10.25-01.40.02:185][  0]LogConfig: Setting CVar [[r.DOF.Kernel.MaxForegroundRadius:0.025]]
[2022.10.25-01.40.02:185][  0]LogConfig: Setting CVar [[r.DOF.Kernel.MaxBackgroundRadius:0.025]]
[2022.10.25-01.40.02:185][  0]LogConfig: Applying CVar settings from Section [TextureQuality@3] File [C:/Work/UnrealMeta2/L20221025/Saved/Config/Windows/Scalability.ini]
[2022.10.25-01.40.02:185][  0]LogConfig: Setting CVar [[r.Streaming.MipBias:0]]
[2022.10.25-01.40.02:185][  0]LogConfig: Setting CVar [[r.Streaming.AmortizeCPUToGPUCopy:0]]
[2022.10.25-01.40.02:185][  0]LogConfig: Setting CVar [[r.Streaming.MaxNumTexturesToStreamPerFrame:0]]
[2022.10.25-01.40.02:185][  0]LogConfig: Setting CVar [[r.Streaming.Boost:1]]
[2022.10.25-01.40.02:185][  0]LogConfig: Setting CVar [[r.MaxAnisotropy:8]]
[2022.10.25-01.40.02:186][  0]LogConfig: Setting CVar [[r.VT.MaxAnisotropy:8]]
[2022.10.25-01.40.02:186][  0]LogConfig: Setting CVar [[r.Streaming.LimitPoolSizeToVRAM:0]]
[2022.10.25-01.40.02:186][  0]LogConfig: Setting CVar [[r.Streaming.PoolSize:1000]]
[2022.10.25-01.40.02:186][  0]LogConfig: Setting CVar [[r.Streaming.MaxEffectiveScreenSize:0]]
[2022.10.25-01.40.02:186][  0]LogConfig: Applying CVar settings from Section [EffectsQuality@3] File [C:/Work/UnrealMeta2/L20221025/Saved/Config/Windows/Scalability.ini]
[2022.10.25-01.40.02:186][  0]LogConfig: Setting CVar [[r.TranslucencyLightingVolumeDim:64]]
[2022.10.25-01.40.02:186][  0]LogConfig: Setting CVar [[r.RefractionQuality:2]]
[2022.10.25-01.40.02:186][  0]LogConfig: Setting CVar [[r.SSR.Quality:3]]
[2022.10.25-01.40.02:186][  0]LogConfig: Setting CVar [[r.SSR.HalfResSceneColor:0]]
[2022.10.25-01.40.02:186][  0]LogConfig: Setting CVar [[r.SceneColorFormat:4]]
[2022.10.25-01.40.02:186][  0]LogConfig: Setting CVar [[r.DetailMode:2]]
[2022.10.25-01.40.02:186][  0]LogConfig: Setting CVar [[r.TranslucencyVolumeBlur:1]]
[2022.10.25-01.40.02:186][  0]LogConfig: Setting CVar [[r.MaterialQualityLevel:1 ; High quality]]
[2022.10.25-01.40.02:186][  0]LogConfig: Setting CVar [[r.AnisotropicMaterials:1]]
[2022.10.25-01.40.02:186][  0]LogConfig: Setting CVar [[r.SSS.Scale:1]]
[2022.10.25-01.40.02:186][  0]LogConfig: Setting CVar [[r.SSS.SampleSet:2]]
[2022.10.25-01.40.02:186][  0]LogConfig: Setting CVar [[r.SSS.Quality:1]]
[2022.10.25-01.40.02:186][  0]LogConfig: Setting CVar [[r.SSS.HalfRes:0]]
[2022.10.25-01.40.02:186][  0]LogConfig: Setting CVar [[r.SSGI.Quality:3]]
[2022.10.25-01.40.02:186][  0]LogConfig: Setting CVar [[r.EmitterSpawnRateScale:1.0]]
[2022.10.25-01.40.02:186][  0]LogConfig: Setting CVar [[r.ParticleLightQuality:2]]
[2022.10.25-01.40.02:186][  0]LogConfig: Setting CVar [[r.SkyAtmosphere.AerialPerspectiveLUT.FastApplyOnOpaque:1 ; Always have FastSkyLUT 1 in this case to avoid wrong sky]]
[2022.10.25-01.40.02:186][  0]LogConfig: Setting CVar [[r.SkyAtmosphere.AerialPerspectiveLUT.SampleCountMaxPerSlice:4]]
[2022.10.25-01.40.02:186][  0]LogConfig: Setting CVar [[r.SkyAtmosphere.AerialPerspectiveLUT.DepthResolution:16.0]]
[2022.10.25-01.40.02:186][  0]LogConfig: Setting CVar [[r.SkyAtmosphere.FastSkyLUT:1]]
[2022.10.25-01.40.02:186][  0]LogConfig: Setting CVar [[r.SkyAtmosphere.FastSkyLUT.SampleCountMin:4.0]]
[2022.10.25-01.40.02:186][  0]LogConfig: Setting CVar [[r.SkyAtmosphere.FastSkyLUT.SampleCountMax:128.0]]
[2022.10.25-01.40.02:186][  0]LogConfig: Setting CVar [[r.SkyAtmosphere.SampleCountMin:4.0]]
[2022.10.25-01.40.02:186][  0]LogConfig: Setting CVar [[r.SkyAtmosphere.SampleCountMax:128.0]]
[2022.10.25-01.40.02:186][  0]LogConfig: Setting CVar [[r.SkyAtmosphere.TransmittanceLUT.UseSmallFormat:0]]
[2022.10.25-01.40.02:186][  0]LogConfig: Setting CVar [[r.SkyAtmosphere.TransmittanceLUT.SampleCount:10.0]]
[2022.10.25-01.40.02:186][  0]LogConfig: Setting CVar [[r.SkyAtmosphere.MultiScatteringLUT.SampleCount:15.0]]
[2022.10.25-01.40.02:186][  0]LogConfig: Setting CVar [[r.SkyLight.RealTimeReflectionCapture:1]]
[2022.10.25-01.40.02:186][  0]LogConfig: Applying CVar settings from Section [FoliageQuality@3] File [C:/Work/UnrealMeta2/L20221025/Saved/Config/Windows/Scalability.ini]
[2022.10.25-01.40.02:186][  0]LogConfig: Setting CVar [[foliage.DensityScale:1.0]]
[2022.10.25-01.40.02:186][  0]LogConfig: Setting CVar [[grass.DensityScale:1.0]]
[2022.10.25-01.40.02:186][  0]LogConfig: Applying CVar settings from Section [ShadingQuality@3] File [C:/Work/UnrealMeta2/L20221025/Saved/Config/Windows/Scalability.ini]
[2022.10.25-01.40.02:186][  0]LogConfig: Setting CVar [[r.HairStrands.SkyLighting.IntegrationType:2]]
[2022.10.25-01.40.02:186][  0]LogConfig: Setting CVar [[r.HairStrands.SkyAO.SampleCount:4]]
[2022.10.25-01.40.02:186][  0]LogConfig: Setting CVar [[r.HairStrands.Visibility.MSAA.SamplePerPixel:4]]
[2022.10.25-01.40.02:186][  0]LogConfig: Applying CVar settings from Section [Startup] File [../../../Engine/Config/ConsoleVariables.ini]
[2022.10.25-01.40.02:187][  0]LogConfig: Setting CVar [[net.UseAdaptiveNetUpdateFrequency:0]]
[2022.10.25-01.40.02:187][  0]LogConfig: Setting CVar [[p.chaos.AllowCreatePhysxBodies:1]]
[2022.10.25-01.40.02:187][  0]LogConfig: Setting CVar [[fx.SkipVectorVMBackendOptimizations:1]]
[2022.10.25-01.40.02:187][  0]LogConfig: Applying CVar settings from Section [ConsoleVariables] File [C:/Work/UnrealMeta2/L20221025/Saved/Config/Windows/Engine.ini]
[2022.10.25-01.40.02:187][  0]LogConfig: Applying CVar settings from Section [ConsoleVariables] File [C:/Work/UnrealMeta2/L20221025/Saved/Config/Windows/Editor.ini]
[2022.10.25-01.40.02:187][  0]LogInit: Computer: DESKTOP-TEDAAB3
[2022.10.25-01.40.02:187][  0]LogInit: User: rbtn9
[2022.10.25-01.40.02:187][  0]LogInit: CPU Page size=4096, Cores=4
[2022.10.25-01.40.02:187][  0]LogInit: High frequency timer resolution =10.000000 MHz
[2022.10.25-01.40.02:187][  0]LogMemory: Memory total: Physical=7.8GB (8GB approx)
[2022.10.25-01.40.02:187][  0]LogMemory: Platform Memory Stats for Windows
[2022.10.25-01.40.02:187][  0]LogMemory: Process Physical Memory: 143.54 MB used, 143.54 MB peak
[2022.10.25-01.40.02:187][  0]LogMemory: Process Virtual Memory: 128.27 MB used, 128.27 MB peak
[2022.10.25-01.40.02:187][  0]LogMemory: Physical Memory: 6605.94 MB used,  1404.25 MB free, 8010.19 MB total
[2022.10.25-01.40.02:187][  0]LogMemory: Virtual Memory: 134206968.00 MB used,  10762.92 MB free, 134217728.00 MB total
[2022.10.25-01.40.02:192][  0]LogWindows: WindowsPlatformFeatures enabled
[2022.10.25-01.40.02:214][  0]LogInit: Physics initialised using underlying interface: PhysX
[2022.10.25-01.40.02:215][  0]LogInit: Using OS detected language (ko-KR).
[2022.10.25-01.40.02:215][  0]LogInit: Using OS detected locale (ko-KR).
[2022.10.25-01.40.02:221][  0]LogTextLocalizationManager: No specific localization for 'ko-KR' exists, so the 'ko' localization will be used.
[2022.10.25-01.40.02:366][  0]LogInit: Setting process to per monitor DPI aware
[2022.10.25-01.40.02:393][  0]LogWindowsTextInputMethodSystem: Display: IME system deactivated.
[2022.10.25-01.40.02:406][  0]LogSlate: New Slate User Created.  User Index 0, Is Virtual User: 0
[2022.10.25-01.40.02:406][  0]LogSlate: Slate User Registered.  User Index 0, Is Virtual User: 0
[2022.10.25-01.40.02:507][  0]LogD3D11RHI: Loaded GFSDK_Aftermath_Lib.x64.dll
[2022.10.25-01.40.02:520][  0]LogHMD: Failed to initialize OpenVR with code 110
[2022.10.25-01.40.02:520][  0]LogD3D11RHI: D3D11 min allowed feature level: 11_0
[2022.10.25-01.40.02:520][  0]LogD3D11RHI: D3D11 max allowed feature level: 11_0
[2022.10.25-01.40.02:520][  0]LogD3D11RHI: D3D11 adapters:
[2022.10.25-01.40.02:615][  0]LogD3D11RHI:    0. 'NVIDIA GeForce GTX 1650 with Max-Q Design' (Feature Level 11_0)
[2022.10.25-01.40.02:616][  0]LogD3D11RHI:       3962/0/4005 MB DedicatedVideo/DedicatedSystem/SharedSystem, Outputs:1, VendorId:0x10de
[2022.10.25-01.40.02:647][  0]LogD3D11RHI:    1. 'Intel(R) UHD Graphics' (Feature Level 11_0)
[2022.10.25-01.40.02:647][  0]LogD3D11RHI:       128/0/4005 MB DedicatedVideo/DedicatedSystem/SharedSystem, Outputs:0, VendorId:0x8086
[2022.10.25-01.40.02:649][  0]LogD3D11RHI:    2. 'Microsoft Basic Render Driver' (Feature Level 11_0)
[2022.10.25-01.40.02:649][  0]LogD3D11RHI:       0/0/4005 MB DedicatedVideo/DedicatedSystem/SharedSystem, Outputs:0, VendorId:0x1414
[2022.10.25-01.40.02:649][  0]LogD3D11RHI: Chosen D3D11 Adapter:
[2022.10.25-01.40.02:649][  0]LogD3D11RHI:     Description : NVIDIA GeForce GTX 1650 with Max-Q Design
[2022.10.25-01.40.02:649][  0]LogD3D11RHI:     VendorId    : 10de
[2022.10.25-01.40.02:649][  0]LogD3D11RHI:     DeviceId    : 1f99
[2022.10.25-01.40.02:649][  0]LogD3D11RHI:     SubSysId    : 12bd1462
[2022.10.25-01.40.02:649][  0]LogD3D11RHI:     Revision    : 00a1
[2022.10.25-01.40.02:649][  0]LogD3D11RHI:     DedicatedVideoMemory : 4154458112 bytes
[2022.10.25-01.40.02:649][  0]LogD3D11RHI:     DedicatedSystemMemory : 0 bytes
[2022.10.25-01.40.02:649][  0]LogD3D11RHI:     SharedSystemMemory : 4199647232 bytes
[2022.10.25-01.40.02:649][  0]LogD3D11RHI:     AdapterLuid : 0 60918
[2022.10.25-01.40.02:654][  0]LogD3D11RHI: Creating new Direct3DDevice
[2022.10.25-01.40.02:654][  0]LogD3D11RHI:     GPU DeviceId: 0x1f99 (for the marketing name, search the web for "GPU Device Id")
[2022.10.25-01.40.02:654][  0]LogWindows: EnumDisplayDevices:
[2022.10.25-01.40.02:654][  0]LogWindows:    0. 'Intel(R) UHD Graphics' (P:1 D:1)
[2022.10.25-01.40.02:654][  0]LogWindows:    1. 'Intel(R) UHD Graphics' (P:0 D:0)
[2022.10.25-01.40.02:654][  0]LogWindows:    2. 'Intel(R) UHD Graphics' (P:0 D:0)
[2022.10.25-01.40.02:654][  0]LogWindows: DebugString: PrimaryIsNotTheChoosenAdapter PrimaryIsNotTheChoosenAdapter PrimaryIsNotTheChoosenAdapter FoundDriverCount:0 
[2022.10.25-01.40.02:654][  0]LogD3D11RHI:     Adapter Name: NVIDIA GeForce GTX 1650 with Max-Q Design
[2022.10.25-01.40.02:654][  0]LogD3D11RHI:   Driver Version: Unknown (internal:Unknown, unified:Unknown)
[2022.10.25-01.40.02:654][  0]LogD3D11RHI:      Driver Date: Unknown
[2022.10.25-01.40.02:654][  0]LogRHI: Texture pool is 2773 MB (70% of 3962 MB)
[2022.10.25-01.40.02:654][  0]LogD3D11RHI: Creating D3DDevice using adapter:
[2022.10.25-01.40.02:654][  0]LogD3D11RHI:     Description : NVIDIA GeForce GTX 1650 with Max-Q Design
[2022.10.25-01.40.02:654][  0]LogD3D11RHI:     VendorId    : 10de
[2022.10.25-01.40.02:654][  0]LogD3D11RHI:     DeviceId    : 1f99
[2022.10.25-01.40.02:654][  0]LogD3D11RHI:     SubSysId    : 12bd1462
[2022.10.25-01.40.02:654][  0]LogD3D11RHI:     Revision    : 00a1
[2022.10.25-01.40.02:654][  0]LogD3D11RHI:     DedicatedVideoMemory : 4154458112 bytes
[2022.10.25-01.40.02:654][  0]LogD3D11RHI:     DedicatedSystemMemory : 0 bytes
[2022.10.25-01.40.02:654][  0]LogD3D11RHI:     SharedSystemMemory : 4199647232 bytes
[2022.10.25-01.40.02:654][  0]LogD3D11RHI:     AdapterLuid : 0 60918
[2022.10.25-01.40.02:731][  0]LogD3D11RHI: RHI has support for 64 bit atomics
[2022.10.25-01.40.02:731][  0]LogD3D11RHI: Async texture creation enabled
[2022.10.25-01.40.02:731][  0]LogD3D11RHI: Array index from any shader is supported
[2022.10.25-01.40.02:744][  0]LogD3D11RHI: GPU Timing Frequency: 1000.000000 (Debug: 2 1)
[2022.10.25-01.40.02:775][  0]LogRHI: GeForceNow SDK initialized: 1
[2022.10.25-01.40.03:017][  0]LogTargetPlatformManager: Display: Loaded TargetPlatform 'AllDesktop'
[2022.10.25-01.40.03:037][  0]LogTargetPlatformManager: Display: Loaded TargetPlatform 'Android'
[2022.10.25-01.40.03:037][  0]LogTargetPlatformManager: Display: Loaded TargetPlatform 'Android_ASTC'
[2022.10.25-01.40.03:037][  0]LogTargetPlatformManager: Display: Loaded TargetPlatform 'Android_DXT'
[2022.10.25-01.40.03:037][  0]LogTargetPlatformManager: Display: Loaded TargetPlatform 'Android_ETC2'
[2022.10.25-01.40.03:037][  0]LogTargetPlatformManager: Display: Loaded TargetPlatform 'AndroidClient'
[2022.10.25-01.40.03:037][  0]LogTargetPlatformManager: Display: Loaded TargetPlatform 'Android_ASTCClient'
[2022.10.25-01.40.03:037][  0]LogTargetPlatformManager: Display: Loaded TargetPlatform 'Android_DXTClient'
[2022.10.25-01.40.03:037][  0]LogTargetPlatformManager: Display: Loaded TargetPlatform 'Android_ETC2Client'
[2022.10.25-01.40.03:037][  0]LogTargetPlatformManager: Display: Loaded TargetPlatform 'Android_Multi'
[2022.10.25-01.40.03:037][  0]LogTargetPlatformManager: Display: Loaded TargetPlatform 'Android_MultiClient'
[2022.10.25-01.40.03:054][  0]LogTargetPlatformManager: Display: Loaded TargetPlatform 'IOSClient'
[2022.10.25-01.40.03:054][  0]LogTargetPlatformManager: Display: Loaded TargetPlatform 'IOS'
[2022.10.25-01.40.03:064][  0]LogTargetPlatformManager: Display: Loaded TargetPlatform 'Linux'
[2022.10.25-01.40.03:067][  0]LogTargetPlatformManager: Display: Loaded TargetPlatform 'LinuxNoEditor'
[2022.10.25-01.40.03:071][  0]LogTargetPlatformManager: Display: Loaded TargetPlatform 'LinuxClient'
[2022.10.25-01.40.03:075][  0]LogTargetPlatformManager: Display: Loaded TargetPlatform 'LinuxServer'
[2022.10.25-01.40.03:084][  0]LogTargetPlatformManager: Display: Loaded TargetPlatform 'LinuxAArch64NoEditor'
[2022.10.25-01.40.03:089][  0]LogTargetPlatformManager: Display: Loaded TargetPlatform 'LinuxAArch64Client'
[2022.10.25-01.40.03:092][  0]LogTargetPlatformManager: Display: Loaded TargetPlatform 'LinuxAArch64Server'
[2022.10.25-01.40.03:116][  0]LogTargetPlatformManager: Display: Loaded TargetPlatform 'Lumin'
[2022.10.25-01.40.03:116][  0]LogTargetPlatformManager: Display: Loaded TargetPlatform 'LuminClient'
[2022.10.25-01.40.03:124][  0]LogTargetPlatformManager: Display: Loaded TargetPlatform 'MacNoEditor'
[2022.10.25-01.40.03:128][  0]LogTargetPlatformManager: Display: Loaded TargetPlatform 'Mac'
[2022.10.25-01.40.03:131][  0]LogTargetPlatformManager: Display: Loaded TargetPlatform 'MacClient'
[2022.10.25-01.40.03:135][  0]LogTargetPlatformManager: Display: Loaded TargetPlatform 'MacServer'
[2022.10.25-01.40.03:145][  0]LogTargetPlatformManager: Display: Loaded TargetPlatform 'TVOSClient'
[2022.10.25-01.40.03:145][  0]LogTargetPlatformManager: Display: Loaded TargetPlatform 'TVOS'
[2022.10.25-01.40.03:155][  0]LogTargetPlatformManager: Display: Loaded TargetPlatform 'WindowsNoEditor'
[2022.10.25-01.40.03:159][  0]LogTargetPlatformManager: Display: Loaded TargetPlatform 'Windows'
[2022.10.25-01.40.03:163][  0]LogTargetPlatformManager: Display: Loaded TargetPlatform 'WindowsClient'
[2022.10.25-01.40.03:167][  0]LogTargetPlatformManager: Display: Loaded TargetPlatform 'WindowsServer'
[2022.10.25-01.40.03:167][  0]LogTargetPlatformManager: Display: Building Assets For Windows
[2022.10.25-01.40.03:172][  0]LogAudioDebug: Display: Lib vorbis DLL was dynamically loaded.
[2022.10.25-01.40.03:196][  0]LogTextureFormatOodle: Display: Oodle Texture 2.9.0 init RDO Off
[2022.10.25-01.40.03:221][  0]LogRendererCore: Ray tracing is disabled. Reason: r.RayTracing=0.
[2022.10.25-01.40.03:221][  0]LogShaderCompilers: Guid format shader working directory is 2 characters bigger than the processId version (../../../../../../Work/UnrealMeta2/L20221025/Intermediate/Shaders/WorkingDirectory/8472/).
[2022.10.25-01.40.03:221][  0]LogShaderCompilers: Cleaned the shader compiler working directory 'C:/Users/rbtn9/AppData/Local/Temp/UnrealShaderWorkingDir/3A00E2994588D211978396BAC3756387/'.
[2022.10.25-01.40.03:221][  0]LogXGEController: Cannot use XGE Controller as Incredibuild is not installed on this machine.
[2022.10.25-01.40.03:222][  0]LogShaderCompilers: Cannot use XGE Shader Compiler as Incredibuild is not installed on this machine.
[2022.10.25-01.40.03:222][  0]LogShaderCompilers: Display: Using Local Shader Compiler.
[2022.10.25-01.40.03:884][  0]LogDerivedDataCache: Display: Max Cache Size: 512 MB
[2022.10.25-01.40.03:963][  0]LogDerivedDataCache: Loaded boot cache 0.08s 103MB C:/Users/rbtn9/AppData/Local/UnrealEngine/4.27/DerivedDataCache/Boot.ddc.
[2022.10.25-01.40.03:963][  0]LogDerivedDataCache: Display: Loaded Boot cache: C:/Users/rbtn9/AppData/Local/UnrealEngine/4.27/DerivedDataCache/Boot.ddc
[2022.10.25-01.40.03:963][  0]LogDerivedDataCache: FDerivedDataBackendGraph:  Pak pak cache file ../../../../../../Work/UnrealMeta2/L20221025/DerivedDataCache/DDC.ddp not found, will not use a pak cache.
[2022.10.25-01.40.03:963][  0]LogDerivedDataCache: Unable to find inner node Pak for hierarchical cache Hierarchy.
[2022.10.25-01.40.03:963][  0]LogDerivedDataCache: FDerivedDataBackendGraph:  CompressedPak pak cache file ../../../../../../Work/UnrealMeta2/L20221025/DerivedDataCache/Compressed.ddp not found, will not use a pak cache.
[2022.10.25-01.40.03:963][  0]LogDerivedDataCache: Unable to find inner node CompressedPak for hierarchical cache Hierarchy.
[2022.10.25-01.40.03:979][  0]LogDerivedDataCache: Display: Pak cache opened for reading ../../../Engine/DerivedDataCache/Compressed.ddp.
[2022.10.25-01.40.03:979][  0]LogDerivedDataCache: FDerivedDataBackendGraph:  EnterprisePak pak cache file ../../../Enterprise/DerivedDataCache/Compressed.ddp not found, will not use a pak cache.
[2022.10.25-01.40.03:979][  0]LogDerivedDataCache: Unable to find inner node EnterprisePak for hierarchical cache Hierarchy.
[2022.10.25-01.40.03:989][  0]LogDerivedDataCache: Speed tests for C:/Users/rbtn9/AppData/Local/UnrealEngine/Common/DerivedDataCache took 0.01 seconds
[2022.10.25-01.40.03:989][  0]LogDerivedDataCache: Display: Performance to C:/Users/rbtn9/AppData/Local/UnrealEngine/Common/DerivedDataCache: Latency=0.02ms. RandomReadSpeed=302.74MBs, RandomWriteSpeed=157.50MBs. Assigned SpeedClass 'Local'
[2022.10.25-01.40.03:989][  0]LogDerivedDataCache: Using Local data cache path C:/Users/rbtn9/AppData/Local/UnrealEngine/Common/DerivedDataCache: Writable
[2022.10.25-01.40.03:989][  0]LogDerivedDataCache: Shared data cache path not found in *engine.ini, will not use an Shared cache.
[2022.10.25-01.40.03:989][  0]LogDerivedDataCache: Unable to find inner node Shared for hierarchical cache Hierarchy.
[2022.10.25-01.40.04:031][  0]LogSlate: Using FreeType 2.10.0
[2022.10.25-01.40.04:031][  0]LogSlate: SlateFontServices - WITH_FREETYPE: 1, WITH_HARFBUZZ: 1
[2022.10.25-01.40.04:057][  0]LogAssetRegistry: FAssetRegistry took 0.0030 seconds to start up
[2022.10.25-01.40.04:443][  0]LogInit: Selected Device Profile: [Windows]
[2022.10.25-01.40.04:443][  0]LogInit: Active device profile: [0000022B11575400][0000022B121A5480 49] Windows
[2022.10.25-01.40.04:443][  0]LogInit: Profiles: [0000022B11575400][0000022B121A5480 49] Windows, [0000022B114FFF00][0000022B121AD600 49] WindowsNoEditor, [0000022B1151B700][0000022B121B1780 49] WindowsServer, [0000022B114FF000][0000022B121B5900 49] WindowsClient, [0000022B1151AF00][0000022B121B9A80 49] IOS, [0000022B114FCD00][0000022B121BDC00 49] iPadAir, [0000022B11519100][0000022B121C0200 49] iPadAir2, [0000022B114C4400][0000022B121C84C0 49] IPadPro, [0000022B114C4500][0000022B121C4500 49] iPadAir3, [0000022B114FD200][0000022B121CC680 49] iPadAir4, [0000022B114C6F00][0000022B121A87C0 49] iPadMini2, [0000022B114FEB00][0000022B121D0900 49] iPadMini3, [0000022B114C6C00][0000022B121D4A40 49] iPadMini4, [0000022B114FD600][0000022B121D8B80 49] iPadMini5, [0000022B114C3B00][0000022B121E4E40 49] iPhone6, [0000022B114C3C00][0000022B121E0E80 49] iPodTouch6, [0000022B11576D00][0000022B121ED140 49] iPhone7, [0000022B11576E00][0000022B121E9180 49] iPodTouch7, [0000022B114C0700][0000022B121F1300 49] iPhone5S, [0000022B114C4200][0000022B121F5480 49] iPhone6Plus, [0000022B114C2000][0000022B121F9600 49] iPhone6S, [0000022B114C4300][0000022B121FD780 49] iPhone6SPlus, [0000022B114C0A00][0000022B12201900 49] iPhone7Plus, [0000022B114C7300][0000022B12205A80 49] iPhoneSE, [0000022B11577500][0000022B12209C00 49] iPhone8, [0000022B114C6B00][0000022B1220C200 49] iPhone8Plus, [0000022B11576300][0000022B12210380 49] iPhoneX, [0000022B114C5300][0000022B12214500 49] iPhoneXS, [0000022B11574C00][0000022B12218680 49] iPhoneXSMax, [0000022B114C4A00][0000022B1221C800 49] iPhoneXR, [0000022B11576200][0000022B121DC940 49] iPhone11, [0000022B114C6700][0000022B12220A80 49] iPhone11Pro, [0000022B11577300][0000022B12224BC0 49] iPhone11ProMax, [0000022B114C5400][0000022B12228D00 49] iPhoneSE2, [0000022B11576600][0000022B12230E80 49] iPhone12Mini, [0000022B114C7000][0000022B12235000 49] iPhone12, [0000022B11575900][0000022B12239180 49] iPhone12Pro, [0000022B114C6100][0000022B1223D300 49] iPhone12ProMax, [0000022B11575800][0000022B12241480 49] iPadPro105, [0000022B114C6200][0000022B12245600 49] iPadPro129, [0000022B11574700][0000022B12249780 49] iPadPro97, [0000022B114C6300][0000022B1224D900 49] iPadPro2_129, [0000022B11576F00][0000022B12251A80 49] iPad5, [0000022B114C5100][0000022B12255C00 49] iPad6, [0000022B11575B00][0000022B12258200 49] iPad7, [0000022B114C5500][0000022B1225C380 49] iPad8, [0000022B11574A00][0000022B12260500 49] iPadPro11, [0000022B114C6600][0000022B12264680 49] iPadPro2_11, [0000022B11576900][0000022B12268800 49] iPadPro3_129, [0000022B114C5800][0000022B1226C980 49] iPadPro4_129, [0000022B11574600][0000022B12270B00 49] AppleTV, [0000022B114C7E00][0000022B1222CC40 49] AppleTV4K, [0000022B11575100][0000022B12274D80 49] TVOS, [0000022B114C4800][0000022B12278EC0 49] Mac, [0000022B11574800][0000022B12291040 49] MacClient, [0000022B114C6900][0000022B122951C0 49] MacNoEditor, [0000022B11576B00][0000022B12299340 49] MacServer, [0000022B114C6500][0000022B1229D4C0 49] Linux, [0000022B11576A00][0000022B122A1640 49] LinuxAArch64, [0000022B114C7A00][0000022B122A57C0 49] LinuxNoEditor, [0000022B11574300][0000022B122A9940 49] LinuxAArch64NoEditor, [0000022B114C5900][0000022B122ADAC0 49] LinuxClient, [0000022B11575F00][0000022B122B00C0 49] LinuxAArch64Client, [0000022B114C4100][0000022B122B4240 49] LinuxServer, [0000022B11576800][0000022B122B83C0 49] LinuxAArch64Server, [0000022B114C6A00][0000022B122BC540 49] Android, [0000022B114FFD00][0000022B122C06C0 49] Android_Low, [0000022B114C2100][0000022B122C4840 49] Android_Mid, [0000022B114FE700][0000022B122C89C0 49] Android_High, [0000022B114C3800][0000022B122CCB40 49] Android_Default, [0000022B114FE300][0000022B122D0CC0 49] Android_Adreno4xx, [0000022B114C2300][0000022B1227CE00 49] Android_Adreno5xx_Low, [0000022B114FE100][0000022B122D4F40 49] Android_Adreno5xx, [0000022B114C1700][0000022B122D9080 49] Android_Adreno6xx, [0000022B114FF200][0000022B122DD1C0 49] Android_Adreno6xx_Vulkan, [0000022B114C3000][0000022B122E5340 49] Android_Mali_T6xx, [0000022B114FD000][0000022B122E94C0 49] Android_Mali_T7xx, [0000022B114C2400][0000022B122ED640 49] Android_Mali_T8xx, [0000022B114FCB00][0000022B122F17C0 49] Android_Mali_G71, [0000022B114C0B00][0000022B122F5940 49] Android_Mali_G72, [0000022B114FF100][0000022B122F9AC0 49] Android_Mali_G72_Vulkan, [0000022B114C3200][0000022B122FC0C0 49] Android_Mali_G76, [0000022B114FFE00][0000022B12300240 49] Android_Mali_G76_Vulkan, [0000022B114C0900][0000022B123043C0 49] Android_Mali_G77, [0000022B114FF500][0000022B12308540 49] Android_Mali_G77_Vulkan, [0000022B114C0F00][0000022B1230C6C0 49] Android_Mali_G78, [0000022B114FD400][0000022B12310840 49] Android_Mali_G78_Vulkan, [0000022B114C2900][0000022B123149C0 49] Android_Mali_G710, [0000022B114FD500][0000022B12318B40 49] Android_Mali_G710_Vulkan, [0000022B114C3500][0000022B1231CCC0 49] Android_Vulkan_SM5, [0000022B114FCC00][0000022B12320E40 49] Android_PowerVR_G6xxx, [0000022B114C1600][0000022B122E0F80 49] Android_PowerVR_GT7xxx, [0000022B114C6800][0000022B123250C0 49] Android_PowerVR_GE8xxx, [0000022B114C1D00][0000022B12329200 49] Android_PowerVR_GM9xxx, [0000022B114C4D00][0000022B1232D340 49] Android_PowerVR_GM9xxx_Vulkan, [0000022B114C2A00][0000022B123354C0 49] Android_TegraK1, [0000022B114C4600][0000022B12339640 49] Android_Unknown_Vulkan, [0000022B114C1900][0000022B1233D7C0 49] Lumin, [0000022B114C5600][0000022B12341940 49] Lumin_Desktop, [0000022B114C1F00][0000022B12345AC0 49] HoloLens, 
[2022.10.25-01.40.04:634][  0]LogMeshReduction: Using QuadricMeshReduction for automatic static mesh reduction
[2022.10.25-01.40.04:635][  0]LogMeshReduction: Using SimplygonMeshReduction for automatic skeletal mesh reduction
[2022.10.25-01.40.04:635][  0]LogMeshReduction: Using ProxyLODMeshReduction for automatic mesh merging
[2022.10.25-01.40.04:635][  0]LogMeshReduction: No distributed automatic mesh merging module available
[2022.10.25-01.40.04:635][  0]LogMeshMerging: No distributed automatic mesh merging module available
[2022.10.25-01.40.04:653][  0]LogNetVersion: L20221025 1.0.0, NetCL: 17155196, EngineNetVer: 17, GameNetVer: 0 (Checksum: 3194148007)
[2022.10.25-01.40.05:156][  0]LogTexture: Default maximum texture size for cubemaps generated from long-lat sources has been changed from 512 to unlimited. In order to preserve old behaiour for '/Engine/MapTemplates/Sky/DaylightAmbientCubemap.DaylightAmbientCubemap', its maximum texture size has been explicitly set to 512.
[2022.10.25-01.40.05:267][  0]LogHMD: PokeAHoleMaterial loaded successfully
[2022.10.25-01.40.05:278][  0]LogUObjectArray: 17178 objects as part of root set at end of initial load.
[2022.10.25-01.40.05:278][  0]LogUObjectAllocator: 4302048 out of 0 bytes used by permanent object pool.
[2022.10.25-01.40.05:278][  0]LogUObjectArray: CloseDisregardForGC: 0/0 objects in disregard for GC pool
[2022.10.25-01.40.05:496][  0]LogNiagaraDebuggerClient: Niagara Debugger Client Initialized | Session: 726929294CE26E515D1D6D81A669EF8B | Instance: A0AFAFCF40CAF3C782AE3DA137A36512 (DESKTOP-TEDAAB3-8472).
[2022.10.25-01.40.05:701][  0]LogPython: Using Python 3.7.7
[2022.10.25-01.40.06:217][  0]LogTcpMessaging: Initializing TcpMessaging bridge
[2022.10.25-01.40.06:231][  0]LogUdpMessaging: Initializing bridge on interface 0.0.0.0:0 to multicast group 230.0.0.1:6666.
[2022.10.25-01.40.06:492][  0]LogOpenImageDenoise: OIDN starting up
[2022.10.25-01.40.06:505][  0]SourceControl: 소스 컨트롤이 꺼졌습니다.
[2022.10.25-01.40.06:505][  0]SourceControl: 소스 컨트롤이 꺼졌습니다.
[2022.10.25-01.40.06:508][  0]SourceControl: 소스 컨트롤이 꺼졌습니다.
[2022.10.25-01.40.06:510][  0]SourceControl: 소스 컨트롤이 꺼졌습니다.
[2022.10.25-01.40.06:514][  0]SourceControl: 소스 컨트롤이 꺼졌습니다.
[2022.10.25-01.40.06:519][  0]LogUProjectInfo: Found projects:
[2022.10.25-01.40.06:536][  0]LogAndroidPermission: UAndroidPermissionCallbackProxy::GetInstance
[2022.10.25-01.40.06:551][  0]LogAudioCaptureCore: Display: No Audio Capture implementations found. Audio input will be silent.
[2022.10.25-01.40.06:552][  0]LogAudioCaptureCore: Display: No Audio Capture implementations found. Audio input will be silent.
[2022.10.25-01.40.06:671][  0]LogCollectionManager: Loaded 0 collections in 0.001654 seconds
[2022.10.25-01.40.06:697][  0]LogFileCache: Scanning file cache for directory 'C:/Work/UnrealMeta2/L20221025/Saved/Collections/' took 0.00s
[2022.10.25-01.40.06:697][  0]LogFileCache: Scanning file cache for directory 'C:/Work/UnrealMeta2/L20221025/Content/Developers/rbtn9/Collections/' took 0.00s
[2022.10.25-01.40.06:697][  0]LogFileCache: Scanning file cache for directory 'C:/Work/UnrealMeta2/L20221025/Content/Collections/' took 0.00s
[2022.10.25-01.40.06:697][  0]LogOcInput: OculusInput pre-init called
[2022.10.25-01.40.07:226][  0]LogClass: Display: Int8Property FMTSJson::version is not initialized properly. Module:MegascansPlugin File:Private/Utilities/MTSReader.h
[2022.10.25-01.40.07:226][  0]LogClass: Display: Int16Property FMTSJson::resolutionValue is not initialized properly. Module:MegascansPlugin File:Private/Utilities/MTSReader.h
[2022.10.25-01.40.07:226][  0]LogClass: Display: BoolProperty FMTSJson::isExternal is not initialized properly. Module:MegascansPlugin File:Private/Utilities/MTSReader.h
[2022.10.25-01.40.07:226][  0]LogClass: Display: Int8Property FMTSJson::meshVersion is not initialized properly. Module:MegascansPlugin File:Private/Utilities/MTSReader.h
[2022.10.25-01.40.07:226][  0]LogClass: Display: BoolProperty FMTSJson::isCustom is not initialized properly. Module:MegascansPlugin File:Private/Utilities/MTSReader.h
[2022.10.25-01.40.07:226][  0]LogClass: Display: BoolProperty FMTSJson::isModularAsset is not initialized properly. Module:MegascansPlugin File:Private/Utilities/MTSReader.h
[2022.10.25-01.40.07:226][  0]LogClass: Display: Int8Property FLodList::variation is not initialized properly. Module:MegascansPlugin File:Private/Utilities/MTSReader.h
[2022.10.25-01.40.07:226][  0]LogClass: Display: Int16Property FMeshList::resolution is not initialized properly. Module:MegascansPlugin File:Private/Utilities/MTSReader.h
[2022.10.25-01.40.07:226][  0]LogClass: Display: Int16Property FComponents::resolution is not initialized properly. Module:MegascansPlugin File:Private/Utilities/MTSReader.h
[2022.10.25-01.40.07:226][  0]LogClass: Display: BoolProperty FTextureSets::isUdim is not initialized properly. Module:MegascansPlugin File:Private/Utilities/MTSReader.h
[2022.10.25-01.40.07:226][  0]LogClass: Display: BoolProperty FMeta::value is not initialized properly. Module:MegascansPlugin File:Private/Utilities/MTSReader.h
[2022.10.25-01.40.07:226][  0]LogClass: Display: 11 Uninitialized script struct members found including 0 object properties
[2022.10.25-01.40.07:227][  0]LogEngine: Initializing Engine...
[2022.10.25-01.40.07:239][  0]LogHMD: Failed to enumerate extensions. Please check that you have a valid OpenXR runtime installed.
[2022.10.25-01.40.07:240][  0]LogHMD: Failed to initialize OpenVR with code 110
[2022.10.25-01.40.07:240][  0]LogMagicLeap: Warning: VR disabled because ZI is not enabled.  To enable, in the editor, Edit -> Project Settings -> Plugins -> Magic Leap Plugin -> Enable Zero Iteration
[2022.10.25-01.40.07:240][  0]LogStats: UGameplayTagsManager::InitializeManager -  0.000 s
[2022.10.25-01.40.07:367][  0]LogInit: Initializing FReadOnlyCVARCache
[2022.10.25-01.40.07:378][  0]LogAIModule: Creating AISystem for world Untitled
[2022.10.25-01.40.07:392][  0]LogAudio: Display: Initializing Audio Device Manager...
[2022.10.25-01.40.07:395][  0]LogAudio: Display: Loading Default Audio Settings Objects...
[2022.10.25-01.40.07:396][  0]LogAudio: Display: No default SoundConcurrencyObject specified (or failed to load).
[2022.10.25-01.40.07:396][  0]LogAudio: Display: Audio Device Manager Initialized
[2022.10.25-01.40.07:396][  0]LogAudio: Display: Creating Audio Device:                 Id: 1, Scope: Shared, Realtime: True
[2022.10.25-01.40.07:396][  0]LogAudioMixer: Display: Audio Mixer Platform Settings:
[2022.10.25-01.40.07:396][  0]LogAudioMixer: Display: 	Sample Rate:						  48000
[2022.10.25-01.40.07:396][  0]LogAudioMixer: Display: 	Callback Buffer Frame Size Requested: 1024
[2022.10.25-01.40.07:396][  0]LogAudioMixer: Display: 	Callback Buffer Frame Size To Use:	  1024
[2022.10.25-01.40.07:396][  0]LogAudioMixer: Display: 	Number of buffers to queue:			  2
[2022.10.25-01.40.07:396][  0]LogAudioMixer: Display: 	Max Channels (voices):				  32
[2022.10.25-01.40.07:396][  0]LogAudioMixer: Display: 	Number of Async Source Workers:		  0
[2022.10.25-01.40.07:396][  0]LogAudio: Display: AudioDevice MaxSources: 32
[2022.10.25-01.40.07:396][  0]LogAudio: Display: Audio Spatialization Plugin: None (built-in).
[2022.10.25-01.40.07:396][  0]LogAudio: Display: Audio Reverb Plugin: None (built-in).
[2022.10.25-01.40.07:396][  0]LogAudio: Display: Audio Occlusion Plugin: None (built-in).
[2022.10.25-01.40.07:397][  0]LogAudioMixer: Display: Initializing audio mixer.
[2022.10.25-01.40.07:406][  0]LogAudioMixer: Display: 0: FrontLeft
[2022.10.25-01.40.07:406][  0]LogAudioMixer: Display: 1: FrontRight
[2022.10.25-01.40.07:434][  0]LogAudioMixer: Display: Using Audio Device 스피커(Realtek(R) Audio)
[2022.10.25-01.40.07:441][  0]LogAudioMixer: Display: Initializing Sound Submixes...
[2022.10.25-01.40.07:442][  0]LogAudioMixer: Display: Creating Master Submix 'MasterSubmixDefault'
[2022.10.25-01.40.07:442][  0]LogAudioMixer: Display: Creating Master Submix 'MasterReverbSubmixDefault'
[2022.10.25-01.40.07:443][  0]LogAudioMixer: Display: Creating Master Submix 'MasterEQSubmixDefault'
[2022.10.25-01.40.07:443][  0]LogAudioMixer: FMixerPlatformXAudio2::StartAudioStream() called
[2022.10.25-01.40.07:443][  0]LogAudioMixer: Display: Output buffers initialized: Frames=1024, Channels=2, Samples=2048
[2022.10.25-01.40.07:444][  0]LogAudioMixer: Display: Starting AudioMixerPlatformInterface::RunInternal()
[2022.10.25-01.40.07:444][  0]LogAudioMixer: Display: FMixerPlatformXAudio2::SubmitBuffer() called for the first time
[2022.10.25-01.40.07:444][  0]LogInit: FAudioDevice initialized.
[2022.10.25-01.40.07:444][  0]LogAudio: Display: Audio Device (ID: 1) registered with world 'Untitled'.
[2022.10.25-01.40.07:444][  0]LogNetVersion: Set ProjectVersion to 1.0.0.0. Version Checksum will be recalculated on next use.
[2022.10.25-01.40.07:496][  0]LogDerivedDataCache: Saved boot cache 0.05s 94MB C:/Users/rbtn9/AppData/Local/UnrealEngine/4.27/DerivedDataCache/Boot.ddc.
[2022.10.25-01.40.07:497][  0]LogInit: Texture streaming: Enabled
[2022.10.25-01.40.07:509][  0]LogAnalytics: Display: [UEEditor.Rocket.Release] APIServer = https://datarouter.ol.epicgames.com/. AppVersion = 4.27.2-18319896+++UE4+Release-4.27
[2022.10.25-01.40.07:512][  0]LogEngineSessionManager: EngineSessionManager initialized
[2022.10.25-01.40.07:512][  0]LogEditorSessionSummary: Verbose: Initializing EditorSessionSummaryWriter for editor session tracking
[2022.10.25-01.40.07:523][  0]LogEditorSessionSummary: EditorSessionSummaryWriter initialized
[2022.10.25-01.40.07:535][  0]LogInit: Transaction tracking system initialized
[2022.10.25-01.40.07:550][  0]BlueprintLog: New page: 에디터 로드
[2022.10.25-01.40.07:613][  0]LocalizationService: 현지화 서비스가 비활성화되었습니다.
[2022.10.25-01.40.07:632][  0]TimingProfiler: Initialize
[2022.10.25-01.40.07:632][  0]TimingProfiler: OnSessionChanged
[2022.10.25-01.40.07:632][  0]LoadingProfiler: Initialize
[2022.10.25-01.40.07:632][  0]LoadingProfiler: OnSessionChanged
[2022.10.25-01.40.07:632][  0]NetworkingProfiler: Initialize
[2022.10.25-01.40.07:632][  0]NetworkingProfiler: OnSessionChanged
[2022.10.25-01.40.07:632][  0]MemoryProfiler: Initialize
[2022.10.25-01.40.07:632][  0]MemoryProfiler: OnSessionChanged
[2022.10.25-01.40.07:778][  0]LogCook: Display: CookSettings for Memory: MemoryMaxUsedVirtual 0MiB, MemoryMaxUsedPhysical 16384MiB, MemoryMinFreeVirtual 0MiB, MemoryMinFreePhysical 1024MiB
[2022.10.25-01.40.07:779][  0]LogFileCache: Scanning file cache for directory 'C:/Work/UnrealMeta2/L20221025/Content/' took 0.00s
[2022.10.25-01.40.07:779][  0]LogCook: Display: Mobile HDR setting 1
[2022.10.25-01.40.08:126][  0]LogInit: Display: Engine is initialized. Leaving FEngineLoop::Init()
[2022.10.25-01.40.08:130][  0]SourceControl: 소스 컨트롤이 꺼졌습니다.
[2022.10.25-01.40.08:130][  0]LogUnrealEdMisc: Loading editor; pre map load, took 7.389
[2022.10.25-01.40.08:130][  0]Cmd: MAP LOAD FILE="../../../Engine/Content/Maps/Templates/Template_Default.umap" TEMPLATE=1 SHOWPROGRESS=1 FEATURELEVEL=3
[2022.10.25-01.40.08:130][  0]LightingResults: New page: 라이팅 빌드
[2022.10.25-01.40.08:131][  0]LogWorld: UWorld::CleanupWorld for Untitled, bSessionEnded=true, bCleanupResources=true
[2022.10.25-01.40.08:131][  0]LogSlate: InvalidateAllWidgets triggered.  All widgets were invalidated
[2022.10.25-01.40.08:131][  0]MapCheck: New page: 맵 체크
[2022.10.25-01.40.08:131][  0]LightingResults: New page: 라이팅 빌드
[2022.10.25-01.40.08:136][  0]LogAudio: Display: Audio Device unregistered from world 'None'.
[2022.10.25-01.40.08:138][  0]LogUObjectHash: Compacting FUObjectHashTables data took   0.70ms
[2022.10.25-01.40.08:192][  0]LogTexture: Display: 텍스처 빌드: DeprecatedTextureEB9CBE3C423008B5E8E130901E171C89 (BGRA8, 128X128)
[2022.10.25-01.40.08:196][  0]LogAudio: Display: Audio Device (ID: 1) registered with world 'Untitled_1'.
[2022.10.25-01.40.08:197][  0]LogAIModule: Creating AISystem for world Untitled_1
[2022.10.25-01.40.08:200][  0]LogEditorServer: Finished looking for orphan Actors (0.000 secs)
[2022.10.25-01.40.08:209][  0]LogUObjectHash: Compacting FUObjectHashTables data took   0.74ms
[2022.10.25-01.40.08:209][  0]Cmd: MAP CHECKDEP NOCLEARLOG
[2022.10.25-01.40.08:209][  0]MapCheck: 맵 체크 완료: 오류 0 회, 경고 0 회, 소요 시간 0.206ms.
[2022.10.25-01.40.08:209][  0]LogFileHelpers: Loading map 'Template_Default' took 0.079
[2022.10.25-01.40.08:211][  0]LogUnrealEdMisc: Total Editor Startup Time, took 7.470
[2022.10.25-01.40.08:328][  0]LogSlate: Updating window title bar state: overlay mode, drag disabled, window buttons hidden, title bar hidden
[2022.10.25-01.40.08:336][  0]LogSlate: Updating window title bar state: overlay mode, drag disabled, window buttons hidden, title bar hidden
[2022.10.25-01.40.08:342][  0]LogSlate: Updating window title bar state: overlay mode, drag disabled, window buttons hidden, title bar hidden
[2022.10.25-01.40.08:347][  0]LogSlate: Updating window title bar state: overlay mode, drag disabled, window buttons hidden, title bar hidden
[2022.10.25-01.40.08:360][  0]LogNativeClassHierarchy: Verbose: Native class hierarchy populated in 0.0084 seconds. Added 3833 classes and 935 folders.
[2022.10.25-01.40.08:364][  0]LogNativeClassHierarchy: Verbose: Native class hierarchy updated for 'WidgetCarousel' in 0.0002 seconds. Added 0 classes and 0 folders.
[2022.10.25-01.40.08:365][  0]LogPakFile: PakFile PrimaryIndexSize=187
[2022.10.25-01.40.08:365][  0]LogPakFile: PakFile PathHashIndexSize=101
[2022.10.25-01.40.08:365][  0]LogPakFile: PakFile FullDirectoryIndexSize=148
[2022.10.25-01.40.08:365][  0]LogShaderLibrary: Display: ShaderCodeLibraryPakFileMountedCallback: PakFile 'C:/Program Files/Epic Games/UE_4.27/FeaturePacks/FP_FirstPerson.upack' (chunk index -1, root 'root:/') mounted
[2022.10.25-01.40.08:365][  0]LogShaderLibrary: Display: ShaderCodeLibraryPakFileMountedCallback: pending pak file info (ChunkID:-1 Root:root:/ File:C:/Program Files/Epic Games/UE_4.27/FeaturePacks/FP_FirstPerson.upack)
[2022.10.25-01.40.08:365][  0]LogPakFile: OnPakFileMounted2Time == 0.000051
[2022.10.25-01.40.08:366][  0]LogPakFile: PakFile PrimaryIndexSize=189
[2022.10.25-01.40.08:366][  0]LogPakFile: PakFile PathHashIndexSize=101
[2022.10.25-01.40.08:366][  0]LogPakFile: PakFile FullDirectoryIndexSize=152
[2022.10.25-01.40.08:366][  0]LogShaderLibrary: Display: ShaderCodeLibraryPakFileMountedCallback: PakFile 'C:/Program Files/Epic Games/UE_4.27/FeaturePacks/FP_FirstPersonBP.upack' (chunk index -1, root 'root:/') mounted
[2022.10.25-01.40.08:366][  0]LogShaderLibrary: Display: ShaderCodeLibraryPakFileMountedCallback: pending pak file info (ChunkID:-1 Root:root:/ File:C:/Program Files/Epic Games/UE_4.27/FeaturePacks/FP_FirstPersonBP.upack)
[2022.10.25-01.40.08:366][  0]LogPakFile: OnPakFileMounted2Time == 0.000038
[2022.10.25-01.40.08:366][  0]LogPakFile: PakFile PrimaryIndexSize=191
[2022.10.25-01.40.08:366][  0]LogPakFile: PakFile PathHashIndexSize=101
[2022.10.25-01.40.08:366][  0]LogPakFile: PakFile FullDirectoryIndexSize=160
[2022.10.25-01.40.08:366][  0]LogShaderLibrary: Display: ShaderCodeLibraryPakFileMountedCallback: PakFile 'C:/Program Files/Epic Games/UE_4.27/FeaturePacks/MobileStarterContent.upack' (chunk index -1, root 'root:/') mounted
[2022.10.25-01.40.08:366][  0]LogShaderLibrary: Display: ShaderCodeLibraryPakFileMountedCallback: pending pak file info (ChunkID:-1 Root:root:/ File:C:/Program Files/Epic Games/UE_4.27/FeaturePacks/MobileStarterContent.upack)
[2022.10.25-01.40.08:366][  0]LogPakFile: OnPakFileMounted2Time == 0.000041
[2022.10.25-01.40.08:367][  0]LogPakFile: PakFile PrimaryIndexSize=185
[2022.10.25-01.40.08:367][  0]LogPakFile: PakFile PathHashIndexSize=101
[2022.10.25-01.40.08:367][  0]LogPakFile: PakFile FullDirectoryIndexSize=148
[2022.10.25-01.40.08:367][  0]LogShaderLibrary: Display: ShaderCodeLibraryPakFileMountedCallback: PakFile 'C:/Program Files/Epic Games/UE_4.27/FeaturePacks/StarterContent.upack' (chunk index -1, root 'root:/') mounted
[2022.10.25-01.40.08:367][  0]LogShaderLibrary: Display: ShaderCodeLibraryPakFileMountedCallback: pending pak file info (ChunkID:-1 Root:root:/ File:C:/Program Files/Epic Games/UE_4.27/FeaturePacks/StarterContent.upack)
[2022.10.25-01.40.08:367][  0]LogPakFile: OnPakFileMounted2Time == 0.000034
[2022.10.25-01.40.08:367][  0]LogPakFile: PakFile PrimaryIndexSize=190
[2022.10.25-01.40.08:367][  0]LogPakFile: PakFile PathHashIndexSize=101
[2022.10.25-01.40.08:367][  0]LogPakFile: PakFile FullDirectoryIndexSize=154
[2022.10.25-01.40.08:367][  0]LogShaderLibrary: Display: ShaderCodeLibraryPakFileMountedCallback: PakFile 'C:/Program Files/Epic Games/UE_4.27/FeaturePacks/TP_2DSideScroller.upack' (chunk index -1, root 'root:/') mounted
[2022.10.25-01.40.08:367][  0]LogShaderLibrary: Display: ShaderCodeLibraryPakFileMountedCallback: pending pak file info (ChunkID:-1 Root:root:/ File:C:/Program Files/Epic Games/UE_4.27/FeaturePacks/TP_2DSideScroller.upack)
[2022.10.25-01.40.08:367][  0]LogPakFile: OnPakFileMounted2Time == 0.000030
[2022.10.25-01.40.08:368][  0]LogPakFile: PakFile PrimaryIndexSize=192
[2022.10.25-01.40.08:368][  0]LogPakFile: PakFile PathHashIndexSize=101
[2022.10.25-01.40.08:368][  0]LogPakFile: PakFile FullDirectoryIndexSize=158
[2022.10.25-01.40.08:368][  0]LogShaderLibrary: Display: ShaderCodeLibraryPakFileMountedCallback: PakFile 'C:/Program Files/Epic Games/UE_4.27/FeaturePacks/TP_2DSideScrollerBP.upack' (chunk index -1, root 'root:/') mounted
[2022.10.25-01.40.08:368][  0]LogShaderLibrary: Display: ShaderCodeLibraryPakFileMountedCallback: pending pak file info (ChunkID:-1 Root:root:/ File:C:/Program Files/Epic Games/UE_4.27/FeaturePacks/TP_2DSideScrollerBP.upack)
[2022.10.25-01.40.08:368][  0]LogPakFile: OnPakFileMounted2Time == 0.000028
[2022.10.25-01.40.08:368][  0]LogPakFile: PakFile PrimaryIndexSize=182
[2022.10.25-01.40.08:368][  0]LogPakFile: PakFile PathHashIndexSize=101
[2022.10.25-01.40.08:368][  0]LogPakFile: PakFile FullDirectoryIndexSize=138
[2022.10.25-01.40.08:368][  0]LogShaderLibrary: Display: ShaderCodeLibraryPakFileMountedCallback: PakFile 'C:/Program Files/Epic Games/UE_4.27/FeaturePacks/TP_Flying.upack' (chunk index -1, root 'root:/') mounted
[2022.10.25-01.40.08:368][  0]LogShaderLibrary: Display: ShaderCodeLibraryPakFileMountedCallback: pending pak file info (ChunkID:-1 Root:root:/ File:C:/Program Files/Epic Games/UE_4.27/FeaturePacks/TP_Flying.upack)
[2022.10.25-01.40.08:368][  0]LogPakFile: OnPakFileMounted2Time == 0.000028
[2022.10.25-01.40.08:368][  0]LogPakFile: PakFile PrimaryIndexSize=184
[2022.10.25-01.40.08:368][  0]LogPakFile: PakFile PathHashIndexSize=101
[2022.10.25-01.40.08:368][  0]LogPakFile: PakFile FullDirectoryIndexSize=142
[2022.10.25-01.40.08:368][  0]LogShaderLibrary: Display: ShaderCodeLibraryPakFileMountedCallback: PakFile 'C:/Program Files/Epic Games/UE_4.27/FeaturePacks/TP_FlyingBP.upack' (chunk index -1, root 'root:/') mounted
[2022.10.25-01.40.08:368][  0]LogShaderLibrary: Display: ShaderCodeLibraryPakFileMountedCallback: pending pak file info (ChunkID:-1 Root:root:/ File:C:/Program Files/Epic Games/UE_4.27/FeaturePacks/TP_FlyingBP.upack)
[2022.10.25-01.40.08:368][  0]LogPakFile: OnPakFileMounted2Time == 0.000028
[2022.10.25-01.40.08:369][  0]LogPakFile: PakFile PrimaryIndexSize=188
[2022.10.25-01.40.08:369][  0]LogPakFile: PakFile PathHashIndexSize=101
[2022.10.25-01.40.08:369][  0]LogPakFile: PakFile FullDirectoryIndexSize=150
[2022.10.25-01.40.08:369][  0]LogShaderLibrary: Display: ShaderCodeLibraryPakFileMountedCallback: PakFile 'C:/Program Files/Epic Games/UE_4.27/FeaturePacks/TP_HandheldARBP.upack' (chunk index -1, root 'root:/') mounted
[2022.10.25-01.40.08:369][  0]LogShaderLibrary: Display: ShaderCodeLibraryPakFileMountedCallback: pending pak file info (ChunkID:-1 Root:root:/ File:C:/Program Files/Epic Games/UE_4.27/FeaturePacks/TP_HandheldARBP.upack)
[2022.10.25-01.40.08:369][  0]LogPakFile: OnPakFileMounted2Time == 0.000031
[2022.10.25-01.40.08:370][  0]LogPakFile: PakFile PrimaryIndexSize=182
[2022.10.25-01.40.08:370][  0]LogPakFile: PakFile PathHashIndexSize=101
[2022.10.25-01.40.08:370][  0]LogPakFile: PakFile FullDirectoryIndexSize=138
[2022.10.25-01.40.08:370][  0]LogShaderLibrary: Display: ShaderCodeLibraryPakFileMountedCallback: PakFile 'C:/Program Files/Epic Games/UE_4.27/FeaturePacks/TP_Puzzle.upack' (chunk index -1, root 'root:/') mounted
[2022.10.25-01.40.08:370][  0]LogShaderLibrary: Display: ShaderCodeLibraryPakFileMountedCallback: pending pak file info (ChunkID:-1 Root:root:/ File:C:/Program Files/Epic Games/UE_4.27/FeaturePacks/TP_Puzzle.upack)
[2022.10.25-01.40.08:370][  0]LogPakFile: OnPakFileMounted2Time == 0.000029
[2022.10.25-01.40.08:370][  0]LogPakFile: PakFile PrimaryIndexSize=184
[2022.10.25-01.40.08:370][  0]LogPakFile: PakFile PathHashIndexSize=101
[2022.10.25-01.40.08:370][  0]LogPakFile: PakFile FullDirectoryIndexSize=142
[2022.10.25-01.40.08:370][  0]LogShaderLibrary: Display: ShaderCodeLibraryPakFileMountedCallback: PakFile 'C:/Program Files/Epic Games/UE_4.27/FeaturePacks/TP_PuzzleBP.upack' (chunk index -1, root 'root:/') mounted
[2022.10.25-01.40.08:370][  0]LogShaderLibrary: Display: ShaderCodeLibraryPakFileMountedCallback: pending pak file info (ChunkID:-1 Root:root:/ File:C:/Program Files/Epic Games/UE_4.27/FeaturePacks/TP_PuzzleBP.upack)
[2022.10.25-01.40.08:370][  0]LogPakFile: OnPakFileMounted2Time == 0.000028
[2022.10.25-01.40.08:370][  0]LogPakFile: PakFile PrimaryIndexSize=183
[2022.10.25-01.40.08:370][  0]LogPakFile: PakFile PathHashIndexSize=101
[2022.10.25-01.40.08:370][  0]LogPakFile: PakFile FullDirectoryIndexSize=140
[2022.10.25-01.40.08:370][  0]LogShaderLibrary: Display: ShaderCodeLibraryPakFileMountedCallback: PakFile 'C:/Program Files/Epic Games/UE_4.27/FeaturePacks/TP_Rolling.upack' (chunk index -1, root 'root:/') mounted
[2022.10.25-01.40.08:370][  0]LogShaderLibrary: Display: ShaderCodeLibraryPakFileMountedCallback: pending pak file info (ChunkID:-1 Root:root:/ File:C:/Program Files/Epic Games/UE_4.27/FeaturePacks/TP_Rolling.upack)
[2022.10.25-01.40.08:370][  0]LogPakFile: OnPakFileMounted2Time == 0.000029
[2022.10.25-01.40.08:371][  0]LogPakFile: PakFile PrimaryIndexSize=185
[2022.10.25-01.40.08:371][  0]LogPakFile: PakFile PathHashIndexSize=101
[2022.10.25-01.40.08:371][  0]LogPakFile: PakFile FullDirectoryIndexSize=144
[2022.10.25-01.40.08:371][  0]LogShaderLibrary: Display: ShaderCodeLibraryPakFileMountedCallback: PakFile 'C:/Program Files/Epic Games/UE_4.27/FeaturePacks/TP_RollingBP.upack' (chunk index -1, root 'root:/') mounted
[2022.10.25-01.40.08:371][  0]LogShaderLibrary: Display: ShaderCodeLibraryPakFileMountedCallback: pending pak file info (ChunkID:-1 Root:root:/ File:C:/Program Files/Epic Games/UE_4.27/FeaturePacks/TP_RollingBP.upack)
[2022.10.25-01.40.08:371][  0]LogPakFile: OnPakFileMounted2Time == 0.000028
[2022.10.25-01.40.08:371][  0]LogPakFile: PakFile PrimaryIndexSize=188
[2022.10.25-01.40.08:371][  0]LogPakFile: PakFile PathHashIndexSize=101
[2022.10.25-01.40.08:371][  0]LogPakFile: PakFile FullDirectoryIndexSize=150
[2022.10.25-01.40.08:371][  0]LogShaderLibrary: Display: ShaderCodeLibraryPakFileMountedCallback: PakFile 'C:/Program Files/Epic Games/UE_4.27/FeaturePacks/TP_SideScroller.upack' (chunk index -1, root 'root:/') mounted
[2022.10.25-01.40.08:371][  0]LogShaderLibrary: Display: ShaderCodeLibraryPakFileMountedCallback: pending pak file info (ChunkID:-1 Root:root:/ File:C:/Program Files/Epic Games/UE_4.27/FeaturePacks/TP_SideScroller.upack)
[2022.10.25-01.40.08:371][  0]LogPakFile: OnPakFileMounted2Time == 0.000028
[2022.10.25-01.40.08:372][  0]LogPakFile: PakFile PrimaryIndexSize=190
[2022.10.25-01.40.08:372][  0]LogPakFile: PakFile PathHashIndexSize=101
[2022.10.25-01.40.08:372][  0]LogPakFile: PakFile FullDirectoryIndexSize=154
[2022.10.25-01.40.08:372][  0]LogShaderLibrary: Display: ShaderCodeLibraryPakFileMountedCallback: PakFile 'C:/Program Files/Epic Games/UE_4.27/FeaturePacks/TP_SideScrollerBP.upack' (chunk index -1, root 'root:/') mounted
[2022.10.25-01.40.08:372][  0]LogShaderLibrary: Display: ShaderCodeLibraryPakFileMountedCallback: pending pak file info (ChunkID:-1 Root:root:/ File:C:/Program Files/Epic Games/UE_4.27/FeaturePacks/TP_SideScrollerBP.upack)
[2022.10.25-01.40.08:372][  0]LogPakFile: OnPakFileMounted2Time == 0.000028
[2022.10.25-01.40.08:372][  0]LogPakFile: PakFile PrimaryIndexSize=187
[2022.10.25-01.40.08:372][  0]LogPakFile: PakFile PathHashIndexSize=101
[2022.10.25-01.40.08:372][  0]LogPakFile: PakFile FullDirectoryIndexSize=148
[2022.10.25-01.40.08:372][  0]LogShaderLibrary: Display: ShaderCodeLibraryPakFileMountedCallback: PakFile 'C:/Program Files/Epic Games/UE_4.27/FeaturePacks/TP_ThirdPerson.upack' (chunk index -1, root 'root:/') mounted
[2022.10.25-01.40.08:372][  0]LogShaderLibrary: Display: ShaderCodeLibraryPakFileMountedCallback: pending pak file info (ChunkID:-1 Root:root:/ File:C:/Program Files/Epic Games/UE_4.27/FeaturePacks/TP_ThirdPerson.upack)
[2022.10.25-01.40.08:372][  0]LogPakFile: OnPakFileMounted2Time == 0.000028
[2022.10.25-01.40.08:372][  0]LogPakFile: PakFile PrimaryIndexSize=189
[2022.10.25-01.40.08:372][  0]LogPakFile: PakFile PathHashIndexSize=101
[2022.10.25-01.40.08:372][  0]LogPakFile: PakFile FullDirectoryIndexSize=152
[2022.10.25-01.40.08:373][  0]LogShaderLibrary: Display: ShaderCodeLibraryPakFileMountedCallback: PakFile 'C:/Program Files/Epic Games/UE_4.27/FeaturePacks/TP_ThirdPersonBP.upack' (chunk index -1, root 'root:/') mounted
[2022.10.25-01.40.08:373][  0]LogShaderLibrary: Display: ShaderCodeLibraryPakFileMountedCallback: pending pak file info (ChunkID:-1 Root:root:/ File:C:/Program Files/Epic Games/UE_4.27/FeaturePacks/TP_ThirdPersonBP.upack)
[2022.10.25-01.40.08:373][  0]LogPakFile: OnPakFileMounted2Time == 0.000030
[2022.10.25-01.40.08:373][  0]LogPakFile: PakFile PrimaryIndexSize=183
[2022.10.25-01.40.08:373][  0]LogPakFile: PakFile PathHashIndexSize=101
[2022.10.25-01.40.08:373][  0]LogPakFile: PakFile FullDirectoryIndexSize=140
[2022.10.25-01.40.08:373][  0]LogShaderLibrary: Display: ShaderCodeLibraryPakFileMountedCallback: PakFile 'C:/Program Files/Epic Games/UE_4.27/FeaturePacks/TP_TopDown.upack' (chunk index -1, root 'root:/') mounted
[2022.10.25-01.40.08:373][  0]LogShaderLibrary: Display: ShaderCodeLibraryPakFileMountedCallback: pending pak file info (ChunkID:-1 Root:root:/ File:C:/Program Files/Epic Games/UE_4.27/FeaturePacks/TP_TopDown.upack)
[2022.10.25-01.40.08:373][  0]LogPakFile: OnPakFileMounted2Time == 0.000034
[2022.10.25-01.40.08:373][  0]LogPakFile: PakFile PrimaryIndexSize=185
[2022.10.25-01.40.08:373][  0]LogPakFile: PakFile PathHashIndexSize=101
[2022.10.25-01.40.08:373][  0]LogPakFile: PakFile FullDirectoryIndexSize=144
[2022.10.25-01.40.08:373][  0]LogShaderLibrary: Display: ShaderCodeLibraryPakFileMountedCallback: PakFile 'C:/Program Files/Epic Games/UE_4.27/FeaturePacks/TP_TopDownBP.upack' (chunk index -1, root 'root:/') mounted
[2022.10.25-01.40.08:373][  0]LogShaderLibrary: Display: ShaderCodeLibraryPakFileMountedCallback: pending pak file info (ChunkID:-1 Root:root:/ File:C:/Program Files/Epic Games/UE_4.27/FeaturePacks/TP_TopDownBP.upack)
[2022.10.25-01.40.08:373][  0]LogPakFile: OnPakFileMounted2Time == 0.000029
[2022.10.25-01.40.08:374][  0]LogPakFile: PakFile PrimaryIndexSize=185
[2022.10.25-01.40.08:374][  0]LogPakFile: PakFile PathHashIndexSize=101
[2022.10.25-01.40.08:374][  0]LogPakFile: PakFile FullDirectoryIndexSize=144
[2022.10.25-01.40.08:374][  0]LogShaderLibrary: Display: ShaderCodeLibraryPakFileMountedCallback: PakFile 'C:/Program Files/Epic Games/UE_4.27/FeaturePacks/TP_TwinStick.upack' (chunk index -1, root 'root:/') mounted
[2022.10.25-01.40.08:374][  0]LogShaderLibrary: Display: ShaderCodeLibraryPakFileMountedCallback: pending pak file info (ChunkID:-1 Root:root:/ File:C:/Program Files/Epic Games/UE_4.27/FeaturePacks/TP_TwinStick.upack)
[2022.10.25-01.40.08:374][  0]LogPakFile: OnPakFileMounted2Time == 0.000030
[2022.10.25-01.40.08:374][  0]LogPakFile: PakFile PrimaryIndexSize=187
[2022.10.25-01.40.08:374][  0]LogPakFile: PakFile PathHashIndexSize=101
[2022.10.25-01.40.08:374][  0]LogPakFile: PakFile FullDirectoryIndexSize=148
[2022.10.25-01.40.08:374][  0]LogShaderLibrary: Display: ShaderCodeLibraryPakFileMountedCallback: PakFile 'C:/Program Files/Epic Games/UE_4.27/FeaturePacks/TP_TwinStickBP.upack' (chunk index -1, root 'root:/') mounted
[2022.10.25-01.40.08:374][  0]LogShaderLibrary: Display: ShaderCodeLibraryPakFileMountedCallback: pending pak file info (ChunkID:-1 Root:root:/ File:C:/Program Files/Epic Games/UE_4.27/FeaturePacks/TP_TwinStickBP.upack)
[2022.10.25-01.40.08:374][  0]LogPakFile: OnPakFileMounted2Time == 0.000030
[2022.10.25-01.40.08:374][  0]LogPakFile: PakFile PrimaryIndexSize=183
[2022.10.25-01.40.08:375][  0]LogPakFile: PakFile PathHashIndexSize=101
[2022.10.25-01.40.08:375][  0]LogPakFile: PakFile FullDirectoryIndexSize=140
[2022.10.25-01.40.08:375][  0]LogShaderLibrary: Display: ShaderCodeLibraryPakFileMountedCallback: PakFile 'C:/Program Files/Epic Games/UE_4.27/FeaturePacks/TP_Vehicle.upack' (chunk index -1, root 'root:/') mounted
[2022.10.25-01.40.08:375][  0]LogShaderLibrary: Display: ShaderCodeLibraryPakFileMountedCallback: pending pak file info (ChunkID:-1 Root:root:/ File:C:/Program Files/Epic Games/UE_4.27/FeaturePacks/TP_Vehicle.upack)
[2022.10.25-01.40.08:375][  0]LogPakFile: OnPakFileMounted2Time == 0.000027
[2022.10.25-01.40.08:375][  0]LogPakFile: PakFile PrimaryIndexSize=186
[2022.10.25-01.40.08:375][  0]LogPakFile: PakFile PathHashIndexSize=101
[2022.10.25-01.40.08:375][  0]LogPakFile: PakFile FullDirectoryIndexSize=146
[2022.10.25-01.40.08:375][  0]LogShaderLibrary: Display: ShaderCodeLibraryPakFileMountedCallback: PakFile 'C:/Program Files/Epic Games/UE_4.27/FeaturePacks/TP_VehicleAdv.upack' (chunk index -1, root 'root:/') mounted
[2022.10.25-01.40.08:375][  0]LogShaderLibrary: Display: ShaderCodeLibraryPakFileMountedCallback: pending pak file info (ChunkID:-1 Root:root:/ File:C:/Program Files/Epic Games/UE_4.27/FeaturePacks/TP_VehicleAdv.upack)
[2022.10.25-01.40.08:375][  0]LogPakFile: OnPakFileMounted2Time == 0.000028
[2022.10.25-01.40.08:375][  0]LogPakFile: PakFile PrimaryIndexSize=188
[2022.10.25-01.40.08:375][  0]LogPakFile: PakFile PathHashIndexSize=101
[2022.10.25-01.40.08:375][  0]LogPakFile: PakFile FullDirectoryIndexSize=150
[2022.10.25-01.40.08:375][  0]LogShaderLibrary: Display: ShaderCodeLibraryPakFileMountedCallback: PakFile 'C:/Program Files/Epic Games/UE_4.27/FeaturePacks/TP_VehicleAdvBP.upack' (chunk index -1, root 'root:/') mounted
[2022.10.25-01.40.08:375][  0]LogShaderLibrary: Display: ShaderCodeLibraryPakFileMountedCallback: pending pak file info (ChunkID:-1 Root:root:/ File:C:/Program Files/Epic Games/UE_4.27/FeaturePacks/TP_VehicleAdvBP.upack)
[2022.10.25-01.40.08:375][  0]LogPakFile: OnPakFileMounted2Time == 0.000030
[2022.10.25-01.40.08:376][  0]LogPakFile: PakFile PrimaryIndexSize=185
[2022.10.25-01.40.08:376][  0]LogPakFile: PakFile PathHashIndexSize=101
[2022.10.25-01.40.08:376][  0]LogPakFile: PakFile FullDirectoryIndexSize=144
[2022.10.25-01.40.08:376][  0]LogShaderLibrary: Display: ShaderCodeLibraryPakFileMountedCallback: PakFile 'C:/Program Files/Epic Games/UE_4.27/FeaturePacks/TP_VehicleBP.upack' (chunk index -1, root 'root:/') mounted
[2022.10.25-01.40.08:376][  0]LogShaderLibrary: Display: ShaderCodeLibraryPakFileMountedCallback: pending pak file info (ChunkID:-1 Root:root:/ File:C:/Program Files/Epic Games/UE_4.27/FeaturePacks/TP_VehicleBP.upack)
[2022.10.25-01.40.08:376][  0]LogPakFile: OnPakFileMounted2Time == 0.000029
[2022.10.25-01.40.08:376][  0]LogPakFile: PakFile PrimaryIndexSize=192
[2022.10.25-01.40.08:376][  0]LogPakFile: PakFile PathHashIndexSize=101
[2022.10.25-01.40.08:376][  0]LogPakFile: PakFile FullDirectoryIndexSize=158
[2022.10.25-01.40.08:376][  0]LogShaderLibrary: Display: ShaderCodeLibraryPakFileMountedCallback: PakFile 'C:/Program Files/Epic Games/UE_4.27/FeaturePacks/TP_VirtualRealityBP.upack' (chunk index -1, root 'root:/') mounted
[2022.10.25-01.40.08:376][  0]LogShaderLibrary: Display: ShaderCodeLibraryPakFileMountedCallback: pending pak file info (ChunkID:-1 Root:root:/ File:C:/Program Files/Epic Games/UE_4.27/FeaturePacks/TP_VirtualRealityBP.upack)
[2022.10.25-01.40.08:376][  0]LogPakFile: OnPakFileMounted2Time == 0.000031
[2022.10.25-01.40.08:409][  0]LogNativeClassHierarchy: Verbose: Native class hierarchy updated for 'AddContentDialog' in 0.0002 seconds. Added 0 classes and 0 folders.
[2022.10.25-01.40.08:413][  0]LogNativeClassHierarchy: Verbose: Native class hierarchy updated for 'SceneOutliner' in 0.0003 seconds. Added 2 classes and 0 folders.
[2022.10.25-01.40.08:422][  0]LogNativeClassHierarchy: Verbose: Native class hierarchy updated for 'WorldBrowser' in 0.0003 seconds. Added 2 classes and 3 folders.
[2022.10.25-01.40.08:519][  0]LogSlate: Took 0.000191 seconds to synchronously load lazily loaded font '../../../Engine/Content/Slate/Fonts/Roboto-Regular.ttf' (155K)
[2022.10.25-01.40.08:523][  0]LogSlate: Took 0.002918 seconds to synchronously load lazily loaded font '../../../Engine/Content/Editor/Slate/Fonts/NanumGothic.ttf' (4243K)
[2022.10.25-01.40.08:525][  0]LogSlate: Took 0.001567 seconds to synchronously load lazily loaded font '../../../Engine/Content/Editor/Slate/Fonts/FontAwesome.ttf' (139K)
[2022.10.25-01.40.08:528][  0]LogSlate: Took 0.002673 seconds to synchronously load lazily loaded font '../../../Engine/Content/Editor/Slate/Fonts/NanumGothicBold.ttf' (4188K)
[2022.10.25-01.40.08:529][  0]LogSlate: Took 0.000094 seconds to synchronously load lazily loaded font '../../../Engine/Content/Slate/Fonts/Roboto-Bold.ttf' (160K)
[2022.10.25-01.40.08:607][  0]LogRenderer: Reallocating scene render targets to support 960x488 Format 10 NumSamples 1 (Frame:1).
[2022.10.25-01.40.08:717][  0]LogNativeClassHierarchy: Verbose: Native class hierarchy updated for 'HierarchicalLODOutliner' in 0.0002 seconds. Added 0 classes and 0 folders.
[2022.10.25-01.40.08:717][  0]LogLoad: (Engine Initialization) Total time: 7.98 seconds
[2022.10.25-01.40.08:717][  0]LogLoad: (Engine Initialization) Total Blueprint compile time: 0.00 seconds
[2022.10.25-01.40.08:809][  0]LogContentStreaming: Texture pool size now 1000 MB
[2022.10.25-01.40.08:865][  1]LogAssetRegistry: Asset discovery search completed in 4.8085 seconds
[2022.10.25-01.40.08:874][  1]LogCollectionManager: Fixed up redirectors for 0 collections in 0.000013 seconds (updated 0 objects)
[2022.10.25-01.42.05:926][899]LogSlate: Took 0.000113 seconds to synchronously load lazily loaded font '../../../Engine/Content/Slate/Fonts/Roboto-Light.ttf' (167K)
[2022.10.25-01.43.51:856][824]LogSlate: Took 0.011225 seconds to synchronously load lazily loaded font '../../../Engine/Content/Slate/Fonts/Roboto-Italic.ttf' (157K)
[2022.10.25-01.47.12:209][402]LogSlate: Took 0.000134 seconds to synchronously load lazily loaded font '../../../Engine/Content/Slate/Fonts/Roboto-Light.ttf' (167K)
[2022.10.25-01.47.12:240][402]LogEditorClassViewer: Warning: Class /Engine/Tutorial/InWorldBlueprintEditing/TutorialAssets/IWBE_Blutility.IWBE_Blutility_C has parent /Script/Blutility.PlacedEditorUtilityBase, but this parent is not found. The Class will not be shown in ClassViewer.
[2022.10.25-01.47.16:226][402]LogSlate: Window '부모 클래스 선택' being destroyed
[2022.10.25-01.48.34:807][ 64]LogSlate: Took 0.000154 seconds to synchronously load lazily loaded font '../../../Engine/Content/Slate/Fonts/Roboto-BoldCondensed.ttf' (158K)
[2022.10.25-01.48.47:085][781]Running C:/Program Files/Epic Games/UE_4.27/Engine/Binaries/DotNET/UnrealBuildTool.exe  -projectfiles -project="C:/Work/UnrealMeta2/L20221025/L20221025.uproject" -game -rocket -progress
[2022.10.25-01.48.47:390][781]Discovering modules, targets and source code for project...
[2022.10.25-01.48.49:805][781]Binding IntelliSense data...
[2022.10.25-01.48.56:962][781]Binding IntelliSense data... 100%
[2022.10.25-01.48.56:962][781]Writing project files...
[2022.10.25-01.48.59:683][781]Writing project files... 100%
[2022.10.25-01.48.59:886][781]LogHotReload: Recompiling module L20221025...
[2022.10.25-01.48.59:888][781]LogVSAccessor: Warning: Couldn't access Visual Studio
[2022.10.25-01.48.59:898][781]Candidate modules for hot reload:
[2022.10.25-01.48.59:898][781]  L20221025
[2022.10.25-01.48.59:898][781]Launching UnrealBuildTool... [C:/Program Files/Epic Games/UE_4.27/Engine/Binaries/DotNET/UnrealBuildTool.exe  -ModuleWithSuffix=L20221025,5315 L20221025Editor Win64 Development -Project="C:/Work/UnrealMeta2/L20221025/L20221025.uproject" "C:/Work/UnrealMeta2/L20221025/L20221025.uproject"  -IgnoreJunk]
[2022.10.25-01.49.45:086][781]Using 'git status' to determine working set for adaptive non-unity build (C:\Work\UnrealMeta2\L20221025).
Creating makefile for L20221025Editor (no existing makefile)
Parsing headers for L20221025Editor
  Running UnrealHeaderTool "C:\Work\UnrealMeta2\L20221025\L20221025.uproject" "C:\Work\UnrealMeta2\L20221025\Intermediate\Build\Win64\L20221025Editor\Development\L20221025Editor.uhtmanifest" -LogCmds="loginit warning, logexit warning, logdatabase error" -Unattended -WarningsAsErrors -abslog="C:\Users\rbtn9\AppData\Local\UnrealBuildTool\Log_UHT.txt" -installed
LogInit: Display: Loading text-based GConfig....
Reflection code generated for L20221025Editor in 8.0264791 seconds
Building L20221025Editor...
Using Visual Studio 2019 14.29.30146 toolchain (C:\Program Files (x86)\Microsoft Visual Studio\2019\Community\VC\Tools\MSVC\14.29.30133) and Windows 10.0.19041.0 SDK (C:\Program Files (x86)\Windows Kits\10).
Building 9 actions with 8 processes...
  [1/9] Default.rc2
  [2/9] SharedPCH.Engine.ShadowErrors.cpp
  [3/9] L20221025.cpp
  [4/9] L20221025.init.gen.cpp
  [5/9] MyGameModeBase.cpp
  [6/9] MyGameModeBase.gen.cpp
  [7/9] UE4Editor-L20221025-5315.lib
     C:\Work\UnrealMeta2\L20221025\Intermediate\Build\Win64\UE4Editor\Development\L20221025\UE4Editor-L20221025-5315.lib ???̺귯?? ?? C:\Work\UnrealMeta2\L20221025\Intermediate\Build\Win64\UE4Editor\Development\L20221025\UE4Editor-L20221025-5315.exp ??ü?? ?????ϰ? ?ֽ??ϴ?.
  [8/9] UE4Editor-L20221025-5315.dll
     C:\Work\UnrealMeta2\L20221025\Intermediate\Build\Win64\UE4Editor\Development\L20221025\UE4Editor-L20221025-5315.suppressed.lib ???̺귯?? ?? C:\Work\UnrealMeta2\L20221025\Intermediate\Build\Win64\UE4Editor\Development\L20221025\UE4Editor-L20221025-5315.suppressed.exp ??ü?? ?????ϰ? ?ֽ??ϴ?.
  [9/9] L20221025Editor.target
Total time in Parallel executor: 25.00 seconds
Total execution time: 45.11 seconds

[2022.10.25-01.49.45:093][781]CompilerResultsLog: New page: 컴파일 - 2022. 10. 25. 오후 7:49:45
[2022.10.25-01.49.45:093][781]CompilerResultsLog: Using 'git status' to determine working set for adaptive non-unity build (C:\Work\UnrealMeta2\L20221025).
[2022.10.25-01.49.45:093][781]CompilerResultsLog: Creating makefile for L20221025Editor (no existing makefile)
[2022.10.25-01.49.45:093][781]CompilerResultsLog: Parsing headers for L20221025Editor
[2022.10.25-01.49.45:093][781]CompilerResultsLog:   Running UnrealHeaderTool "C:\Work\UnrealMeta2\L20221025\L20221025.uproject" "C:\Work\UnrealMeta2\L20221025\Intermediate\Build\Win64\L20221025Editor\Development\L20221025Editor.uhtmanifest" -LogCmds="loginit warning, logexit warning, logdatabase error" -Unattended -WarningsAsErrors -abslog="C:\Users\rbtn9\AppData\Local\UnrealBuildTool\Log_UHT.txt" -installed
[2022.10.25-01.49.45:093][781]CompilerResultsLog: LogInit: Display: Loading text-based GConfig....
[2022.10.25-01.49.45:093][781]CompilerResultsLog: Reflection code generated for L20221025Editor in 8.0264791 seconds
[2022.10.25-01.49.45:093][781]CompilerResultsLog: Building L20221025Editor...
[2022.10.25-01.49.45:093][781]CompilerResultsLog: Using Visual Studio 2019 14.29.30146 toolchain (C:\Program Files (x86)\Microsoft Visual Studio\2019\Community\VC\Tools\MSVC\14.29.30133) and Windows 10.0.19041.0 SDK (C:\Program Files (x86)\Windows Kits\10).
[2022.10.25-01.49.45:093][781]CompilerResultsLog: Building 9 actions with 8 processes...
[2022.10.25-01.49.45:093][781]CompilerResultsLog:   [1/9] Default.rc2
[2022.10.25-01.49.45:093][781]CompilerResultsLog:   [2/9] SharedPCH.Engine.ShadowErrors.cpp
[2022.10.25-01.49.45:093][781]CompilerResultsLog:   [3/9] L20221025.cpp
[2022.10.25-01.49.45:094][781]CompilerResultsLog:   [4/9] L20221025.init.gen.cpp
[2022.10.25-01.49.45:094][781]CompilerResultsLog:   [5/9] MyGameModeBase.cpp
[2022.10.25-01.49.45:094][781]CompilerResultsLog:   [6/9] MyGameModeBase.gen.cpp
[2022.10.25-01.49.45:094][781]CompilerResultsLog:   [7/9] UE4Editor-L20221025-5315.lib
[2022.10.25-01.49.45:094][781]CompilerResultsLog:      C:\Work\UnrealMeta2\L20221025\Intermediate\Build\Win64\UE4Editor\Development\L20221025\UE4Editor-L20221025-5315.lib ???̺귯?? ?? C:\Work\UnrealMeta2\L20221025\Intermediate\Build\Win64\UE4Editor\Development\L20221025\UE4Editor-L20221025-5315.exp ??ü?? ?????ϰ? ?ֽ??ϴ?.
[2022.10.25-01.49.45:094][781]CompilerResultsLog:   [8/9] UE4Editor-L20221025-5315.dll
[2022.10.25-01.49.45:094][781]CompilerResultsLog:      C:\Work\UnrealMeta2\L20221025\Intermediate\Build\Win64\UE4Editor\Development\L20221025\UE4Editor-L20221025-5315.suppressed.lib ???̺귯?? ?? C:\Work\UnrealMeta2\L20221025\Intermediate\Build\Win64\UE4Editor\Development\L20221025\UE4Editor-L20221025-5315.suppressed.exp ??ü?? ?????ϰ? ?ֽ??ϴ?.
[2022.10.25-01.49.45:094][781]CompilerResultsLog:   [9/9] L20221025Editor.target
[2022.10.25-01.49.45:094][781]CompilerResultsLog: Total time in Parallel executor: 25.00 seconds
[2022.10.25-01.49.45:094][781]CompilerResultsLog: Total execution time: 45.11 seconds
[2022.10.25-01.49.45:094][781]LogMainFrame: MainFrame: Module compiling took 45.206 seconds
[2022.10.25-01.49.45:102][781]Reloading module L20221025 after successful compile.
[2022.10.25-01.49.45:133][781]LogClass: Could not find existing package /Script/L20221025 for HotReload of class MyGameModeBase, assuming a new package.
[2022.10.25-01.49.45:138][781]LogNativeClassHierarchy: Verbose: Native class hierarchy updated for 'L20221025' in 0.0003 seconds. Added 1 classes and 2 folders.
[2022.10.25-01.49.45:149][781]LogUObjectHash: Compacting FUObjectHashTables data took   0.77ms
[2022.10.25-01.49.45:163][781]LogNativeClassHierarchy: Verbose: Native class hierarchy populated in 0.0091 seconds. Added 3836 classes and 940 folders.
[2022.10.25-01.49.45:349][781]LogSlate: Window 'C++ 클래스 추가' being destroyed
